<?xml version="1.0" encoding="UTF-8"?>
<robot generator="Rebot 7.3.2 (Python 3.12.4 on win32)" generated="2025-11-19T21:50:00.878003" rpa="false" schemaversion="5">
<suite id="s1" name="Suites">
<suite id="s1-s1" name="04 Buyproduct Test Windows, 10, Chrome, 120.0" source="C:\Users\Madiyar\Desktop\projects\testing\testing-assignment2\tests\04_buyproduct_test.robot">
<test id="s1-s1-t1" name="Buy Product Test" line="6">
<kw name="Open Website" owner="keywords">
<kw name="Open Browser" owner="SeleniumLibrary">
<msg time="2025-11-19T21:46:47.768202" level="INFO">Opening browser 'chrome' to base url 'https://www.demoblaze.com/'.</msg>
<msg time="2025-11-19T21:46:47.824720" level="INFO">Completed setup!</msg>
<arg>${URL}</arg>
<arg>${BROWSER}</arg>
<doc>Opens a new browser instance to the optional ``url``.</doc>
<status status="PASS" start="2025-11-19T21:46:47.767202" elapsed="14.408469"/>
</kw>
<kw name="Maximize Browser Window" owner="SeleniumLibrary">
<doc>Maximizes current browser window.</doc>
<status status="PASS" start="2025-11-19T21:47:02.176670" elapsed="0.570572"/>
</kw>
<status status="PASS" start="2025-11-19T21:46:47.766202" elapsed="14.982039"/>
</kw>
<kw name="Log In With Credentials" owner="keywords">
<kw name="Click Element" owner="SeleniumLibrary">
<msg time="2025-11-19T21:47:02.749809" level="INFO">Clicking element 'id=login2'.</msg>
<arg>${LOGIN_BUTTON}</arg>
<doc>Click the element identified by ``locator``.</doc>
<status status="PASS" start="2025-11-19T21:47:02.748813" elapsed="0.700148"/>
</kw>
<kw name="Wait Until Element Is Visible" owner="SeleniumLibrary">
<arg>${LOGIN_MODAL}</arg>
<arg>5s</arg>
<doc>Waits until the element ``locator`` is visible.</doc>
<status status="PASS" start="2025-11-19T21:47:03.450440" elapsed="0.584188"/>
</kw>
<kw name="Input Text" owner="SeleniumLibrary">
<msg time="2025-11-19T21:47:04.036603" level="INFO">Typing text 'madikensky4' into text field 'id=loginusername'.</msg>
<arg>${LOGIN_USERNAME_FIELD}</arg>
<arg>${username_field}</arg>
<doc>Types the given ``text`` into the text field identified by ``locator``.</doc>
<status status="PASS" start="2025-11-19T21:47:04.036603" elapsed="2.539746"/>
</kw>
<kw name="Input Text" owner="SeleniumLibrary">
<msg time="2025-11-19T21:47:06.578868" level="INFO">Typing text '123' into text field 'id=loginpassword'.</msg>
<arg>${LOGIN_PASSWORD_FIELD}</arg>
<arg>${password_field}</arg>
<doc>Types the given ``text`` into the text field identified by ``locator``.</doc>
<status status="PASS" start="2025-11-19T21:47:06.577873" elapsed="1.181291"/>
</kw>
<kw name="Click Element" owner="SeleniumLibrary">
<msg time="2025-11-19T21:47:07.760160" level="INFO">Clicking element 'xpath=//*[@id="logInModal"]/div/div/div[3]/button[2]'.</msg>
<arg>${LOGIN_SUBMIT_BUTTON}</arg>
<doc>Click the element identified by ``locator``.</doc>
<status status="PASS" start="2025-11-19T21:47:07.760160" elapsed="0.617061"/>
</kw>
<kw name="Sleep" owner="BuiltIn">
<msg time="2025-11-19T21:47:10.378626" level="INFO">Slept 2 seconds.</msg>
<arg>2s</arg>
<doc>Pauses the test executed for the given time.</doc>
<status status="PASS" start="2025-11-19T21:47:08.378222" elapsed="2.000943"/>
</kw>
<arg>${USERNAME}</arg>
<arg>${PASSWORD}</arg>
<status status="PASS" start="2025-11-19T21:47:02.748813" elapsed="7.631349"/>
</kw>
<kw name="Add Item To the Cart" owner="keywords">
<kw name="Wait Until Element Is Visible" owner="SeleniumLibrary">
<arg>${PHONE_NEXUS_6}</arg>
<doc>Waits until the element ``locator`` is visible.</doc>
<status status="PASS" start="2025-11-19T21:47:10.381160" elapsed="2.257350"/>
</kw>
<kw name="Click Element" owner="SeleniumLibrary">
<msg time="2025-11-19T21:47:12.640520" level="INFO">Clicking element 'xpath=//*[@id="tbodyid"]/div[3]'.</msg>
<arg>${PHONE_NEXUS_6}</arg>
<doc>Click the element identified by ``locator``.</doc>
<status status="PASS" start="2025-11-19T21:47:12.639522" elapsed="0.573527"/>
</kw>
<kw name="Sleep" owner="BuiltIn">
<msg time="2025-11-19T21:47:14.215118" level="INFO">Slept 1 second.</msg>
<arg>1s</arg>
<doc>Pauses the test executed for the given time.</doc>
<status status="PASS" start="2025-11-19T21:47:13.214048" elapsed="1.001070"/>
</kw>
<kw name="Wait Until Element Is Visible" owner="SeleniumLibrary">
<arg>${ADD_TO_CART_BUTTON}</arg>
<doc>Waits until the element ``locator`` is visible.</doc>
<status status="PASS" start="2025-11-19T21:47:14.216119" elapsed="0.528751"/>
</kw>
<kw name="Click Element" owner="SeleniumLibrary">
<msg time="2025-11-19T21:47:14.746873" level="INFO">Clicking element 'xpath=//*[@id="tbodyid"]/div[2]/div/a'.</msg>
<arg>${ADD_TO_CART_BUTTON}</arg>
<doc>Click the element identified by ``locator``.</doc>
<status status="PASS" start="2025-11-19T21:47:14.745875" elapsed="1.195777"/>
</kw>
<kw name="Sleep" owner="BuiltIn">
<msg time="2025-11-19T21:47:16.944578" level="INFO">Slept 1 second.</msg>
<arg>1s</arg>
<doc>Pauses the test executed for the given time.</doc>
<status status="PASS" start="2025-11-19T21:47:15.943652" elapsed="1.000926"/>
</kw>
<status status="PASS" start="2025-11-19T21:47:10.380162" elapsed="6.566419"/>
</kw>
<kw name="Go To Cart PAGE" owner="keywords">
<kw name="Click Element" owner="SeleniumLibrary">
<msg time="2025-11-19T21:47:16.947578" level="INFO">Clicking element 'id=cartur'.</msg>
<arg>${CART PAGE}</arg>
<doc>Click the element identified by ``locator``.</doc>
<status status="PASS" start="2025-11-19T21:47:16.947578" elapsed="1.366986"/>
</kw>
<kw name="Sleep" owner="BuiltIn">
<msg time="2025-11-19T21:47:20.315866" level="INFO">Slept 2 seconds.</msg>
<arg>2s</arg>
<doc>Pauses the test executed for the given time.</doc>
<status status="PASS" start="2025-11-19T21:47:18.315568" elapsed="2.000298"/>
</kw>
<status status="PASS" start="2025-11-19T21:47:16.946581" elapsed="3.370283"/>
</kw>
<kw name="Place Order" owner="keywords">
<kw name="Click Element" owner="SeleniumLibrary">
<msg time="2025-11-19T21:47:20.318865" level="INFO">Clicking element 'xpath=//*[@id="page-wrapper"]/div/div[2]/button'.</msg>
<arg>${PLACE_ORDER_BUTTON}</arg>
<doc>Click the element identified by ``locator``.</doc>
<status status="PASS" start="2025-11-19T21:47:20.317865" elapsed="0.680040"/>
</kw>
<kw name="Sleep" owner="BuiltIn">
<msg time="2025-11-19T21:47:22.000113" level="INFO">Slept 1 second.</msg>
<arg>1s</arg>
<doc>Pauses the test executed for the given time.</doc>
<status status="PASS" start="2025-11-19T21:47:20.999307" elapsed="1.000806"/>
</kw>
<kw name="Wait Until Element Is Visible" owner="SeleniumLibrary">
<arg>${PLACE_ORDER_MODAL}</arg>
<doc>Waits until the element ``locator`` is visible.</doc>
<status status="PASS" start="2025-11-19T21:47:22.002119" elapsed="0.516310"/>
</kw>
<kw name="Input Text" owner="SeleniumLibrary">
<msg time="2025-11-19T21:47:22.520365" level="INFO">Typing text 'madik' into text field 'id=name'.</msg>
<arg>${NAME_FIELD}</arg>
<arg>${NAME}</arg>
<doc>Types the given ``text`` into the text field identified by ``locator``.</doc>
<status status="PASS" start="2025-11-19T21:47:22.519934" elapsed="0.902876"/>
</kw>
<kw name="Input Text" owner="SeleniumLibrary">
<msg time="2025-11-19T21:47:23.424817" level="INFO">Typing text 'Kazakhstan' into text field 'id=country'.</msg>
<arg>${COUNTRY_FIELD}</arg>
<arg>${COUNTRY}</arg>
<doc>Types the given ``text`` into the text field identified by ``locator``.</doc>
<status status="PASS" start="2025-11-19T21:47:23.423822" elapsed="2.120475"/>
</kw>
<kw name="Input Text" owner="SeleniumLibrary">
<msg time="2025-11-19T21:47:25.546294" level="INFO">Typing text 'Almaty' into text field 'id=city'.</msg>
<arg>${CITY_FIELD}</arg>
<arg>${CITY}</arg>
<doc>Types the given ``text`` into the text field identified by ``locator``.</doc>
<status status="PASS" start="2025-11-19T21:47:25.545299" elapsed="0.928469"/>
</kw>
<kw name="Input Text" owner="SeleniumLibrary">
<msg time="2025-11-19T21:47:26.475769" level="INFO">Typing text '0400 5609 2222 1111' into text field 'id=card'.</msg>
<arg>${CREDIT_CARD_FIELD}</arg>
<arg>${CREDIT_CARD}</arg>
<doc>Types the given ``text`` into the text field identified by ``locator``.</doc>
<status status="PASS" start="2025-11-19T21:47:26.474768" elapsed="0.952823"/>
</kw>
<kw name="Input Text" owner="SeleniumLibrary">
<msg time="2025-11-19T21:47:27.429591" level="INFO">Typing text 'December' into text field 'id=month'.</msg>
<arg>${MONTH_FIELD}</arg>
<arg>${MONTH}</arg>
<doc>Types the given ``text`` into the text field identified by ``locator``.</doc>
<status status="PASS" start="2025-11-19T21:47:27.428591" elapsed="0.899666"/>
</kw>
<kw name="Input Text" owner="SeleniumLibrary">
<msg time="2025-11-19T21:47:28.329344" level="INFO">Typing text '1999' into text field 'id=year'.</msg>
<arg>${YEAR_FIELD}</arg>
<arg>${YEAR}</arg>
<doc>Types the given ``text`` into the text field identified by ``locator``.</doc>
<status status="PASS" start="2025-11-19T21:47:28.329344" elapsed="1.338118"/>
</kw>
<kw name="Click Element" owner="SeleniumLibrary">
<msg time="2025-11-19T21:47:29.669169" level="INFO">Clicking element 'xpath=//*[@id="orderModal"]/div/div/div[3]/button[2]'.</msg>
<arg>${PURCHASE_BUTTON}</arg>
<doc>Click the element identified by ``locator``.</doc>
<status status="PASS" start="2025-11-19T21:47:29.669169" elapsed="0.640607"/>
</kw>
<kw name="Sleep" owner="BuiltIn">
<msg time="2025-11-19T21:47:31.310848" level="INFO">Slept 1 second.</msg>
<arg>1s</arg>
<doc>Pauses the test executed for the given time.</doc>
<status status="PASS" start="2025-11-19T21:47:30.310773" elapsed="1.000075"/>
</kw>
<status status="PASS" start="2025-11-19T21:47:20.317865" elapsed="10.993988"/>
</kw>
<kw name="Sleep" owner="BuiltIn">
<msg time="2025-11-19T21:47:33.313464" level="INFO">Slept 2 seconds.</msg>
<arg>2s</arg>
<doc>Pauses the test executed for the given time.</doc>
<status status="PASS" start="2025-11-19T21:47:31.312848" elapsed="2.000616"/>
</kw>
<kw name="Close Website" owner="keywords">
<kw name="Close Browser" owner="SeleniumLibrary">
<doc>Closes the current browser.</doc>
<status status="PASS" start="2025-11-19T21:47:33.315465" elapsed="0.000000"/>
</kw>
<status status="PASS" start="2025-11-19T21:47:33.314466" elapsed="0.001999"/>
</kw>
<status status="PASS" start="2025-11-19T21:46:47.764203" elapsed="45.553262"/>
</test>
<status status="PASS" start="2025-11-19T21:46:47.722000" elapsed="45.553000"/>
</suite>
<suite id="s1-s2" name="04 Buyproduct Test OS X, Monterey, Safari, 15.6" source="C:\Users\Madiyar\Desktop\projects\testing\testing-assignment2\tests\04_buyproduct_test.robot">
<test id="s1-s2-t1" name="Buy Product Test" line="6">
<kw name="Open Website" owner="keywords">
<kw name="Open Browser" owner="SeleniumLibrary">
<msg time="2025-11-19T21:46:47.823721" level="INFO">Opening browser 'chrome' to base url 'https://www.demoblaze.com/'.</msg>
<msg time="2025-11-19T21:46:47.876721" level="INFO">Completed setup!</msg>
<arg>${URL}</arg>
<arg>${BROWSER}</arg>
<doc>Opens a new browser instance to the optional ``url``.</doc>
<status status="PASS" start="2025-11-19T21:46:47.822721" elapsed="17.686904"/>
</kw>
<kw name="Maximize Browser Window" owner="SeleniumLibrary">
<doc>Maximizes current browser window.</doc>
<status status="PASS" start="2025-11-19T21:47:05.510626" elapsed="0.293027"/>
</kw>
<status status="PASS" start="2025-11-19T21:46:47.821720" elapsed="17.983929"/>
</kw>
<kw name="Log In With Credentials" owner="keywords">
<kw name="Click Element" owner="SeleniumLibrary">
<msg time="2025-11-19T21:47:05.806649" level="INFO">Clicking element 'id=login2'.</msg>
<arg>${LOGIN_BUTTON}</arg>
<doc>Click the element identified by ``locator``.</doc>
<status status="PASS" start="2025-11-19T21:47:05.806649" elapsed="0.511699"/>
</kw>
<kw name="Wait Until Element Is Visible" owner="SeleniumLibrary">
<arg>${LOGIN_MODAL}</arg>
<arg>5s</arg>
<doc>Waits until the element ``locator`` is visible.</doc>
<status status="PASS" start="2025-11-19T21:47:06.318921" elapsed="0.483530"/>
</kw>
<kw name="Input Text" owner="SeleniumLibrary">
<msg time="2025-11-19T21:47:06.804470" level="INFO">Typing text 'madikensky4' into text field 'id=loginusername'.</msg>
<arg>${LOGIN_USERNAME_FIELD}</arg>
<arg>${username_field}</arg>
<doc>Types the given ``text`` into the text field identified by ``locator``.</doc>
<status status="PASS" start="2025-11-19T21:47:06.804470" elapsed="0.768373"/>
</kw>
<kw name="Input Text" owner="SeleniumLibrary">
<msg time="2025-11-19T21:47:07.574845" level="INFO">Typing text '123' into text field 'id=loginpassword'.</msg>
<arg>${LOGIN_PASSWORD_FIELD}</arg>
<arg>${password_field}</arg>
<doc>Types the given ``text`` into the text field identified by ``locator``.</doc>
<status status="PASS" start="2025-11-19T21:47:07.573846" elapsed="0.840640"/>
</kw>
<kw name="Click Element" owner="SeleniumLibrary">
<msg time="2025-11-19T21:47:08.416490" level="INFO">Clicking element 'xpath=//*[@id="logInModal"]/div/div/div[3]/button[2]'.</msg>
<arg>${LOGIN_SUBMIT_BUTTON}</arg>
<doc>Click the element identified by ``locator``.</doc>
<status status="PASS" start="2025-11-19T21:47:08.415482" elapsed="0.543164"/>
</kw>
<kw name="Sleep" owner="BuiltIn">
<msg time="2025-11-19T21:47:10.961140" level="INFO">Slept 2 seconds.</msg>
<arg>2s</arg>
<doc>Pauses the test executed for the given time.</doc>
<status status="PASS" start="2025-11-19T21:47:08.960227" elapsed="2.000913"/>
</kw>
<arg>${USERNAME}</arg>
<arg>${PASSWORD}</arg>
<status status="PASS" start="2025-11-19T21:47:05.805649" elapsed="5.157487"/>
</kw>
<kw name="Add Item To the Cart" owner="keywords">
<kw name="Wait Until Element Is Visible" owner="SeleniumLibrary">
<arg>${PHONE_NEXUS_6}</arg>
<doc>Waits until the element ``locator`` is visible.</doc>
<status status="PASS" start="2025-11-19T21:47:10.964141" elapsed="0.515307"/>
</kw>
<kw name="Click Element" owner="SeleniumLibrary">
<msg time="2025-11-19T21:47:11.480445" level="INFO">Clicking element 'xpath=//*[@id="tbodyid"]/div[3]'.</msg>
<arg>${PHONE_NEXUS_6}</arg>
<doc>Click the element identified by ``locator``.</doc>
<status status="PASS" start="2025-11-19T21:47:11.480445" elapsed="0.521576"/>
</kw>
<kw name="Sleep" owner="BuiltIn">
<msg time="2025-11-19T21:47:13.004066" level="INFO">Slept 1 second.</msg>
<arg>1s</arg>
<doc>Pauses the test executed for the given time.</doc>
<status status="PASS" start="2025-11-19T21:47:12.004022" elapsed="1.000044"/>
</kw>
<kw name="Wait Until Element Is Visible" owner="SeleniumLibrary">
<arg>${ADD_TO_CART_BUTTON}</arg>
<doc>Waits until the element ``locator`` is visible.</doc>
<status status="PASS" start="2025-11-19T21:47:13.005065" elapsed="0.488627"/>
</kw>
<kw name="Click Element" owner="SeleniumLibrary">
<msg time="2025-11-19T21:47:13.494691" level="INFO">Clicking element 'xpath=//*[@id="tbodyid"]/div[2]/div/a'.</msg>
<arg>${ADD_TO_CART_BUTTON}</arg>
<doc>Click the element identified by ``locator``.</doc>
<status status="PASS" start="2025-11-19T21:47:13.494691" elapsed="0.525517"/>
</kw>
<kw name="Sleep" owner="BuiltIn">
<msg time="2025-11-19T21:47:15.021674" level="INFO">Slept 1 second.</msg>
<arg>1s</arg>
<doc>Pauses the test executed for the given time.</doc>
<status status="PASS" start="2025-11-19T21:47:14.021208" elapsed="1.000466"/>
</kw>
<status status="PASS" start="2025-11-19T21:47:10.963136" elapsed="4.059538"/>
</kw>
<kw name="Go To Cart PAGE" owner="keywords">
<kw name="Click Element" owner="SeleniumLibrary">
<msg time="2025-11-19T21:47:15.024673" level="INFO">Clicking element 'id=cartur'.</msg>
<arg>${CART PAGE}</arg>
<doc>Click the element identified by ``locator``.</doc>
<status status="PASS" start="2025-11-19T21:47:15.023674" elapsed="1.135921"/>
</kw>
<kw name="Sleep" owner="BuiltIn">
<msg time="2025-11-19T21:47:18.162001" level="INFO">Slept 2 seconds.</msg>
<arg>2s</arg>
<doc>Pauses the test executed for the given time.</doc>
<status status="PASS" start="2025-11-19T21:47:16.161594" elapsed="2.000407"/>
</kw>
<status status="PASS" start="2025-11-19T21:47:15.023674" elapsed="3.140330"/>
</kw>
<kw name="Place Order" owner="keywords">
<kw name="Click Element" owner="SeleniumLibrary">
<msg time="2025-11-19T21:47:18.165000" level="INFO">Clicking element 'xpath=//*[@id="page-wrapper"]/div/div[2]/button'.</msg>
<arg>${PLACE_ORDER_BUTTON}</arg>
<doc>Click the element identified by ``locator``.</doc>
<status status="PASS" start="2025-11-19T21:47:18.165000" elapsed="0.495555"/>
</kw>
<kw name="Sleep" owner="BuiltIn">
<msg time="2025-11-19T21:47:19.663358" level="INFO">Slept 1 second.</msg>
<arg>1s</arg>
<doc>Pauses the test executed for the given time.</doc>
<status status="PASS" start="2025-11-19T21:47:18.661558" elapsed="1.002801"/>
</kw>
<kw name="Wait Until Element Is Visible" owner="SeleniumLibrary">
<arg>${PLACE_ORDER_MODAL}</arg>
<doc>Waits until the element ``locator`` is visible.</doc>
<status status="PASS" start="2025-11-19T21:47:19.666357" elapsed="0.499418"/>
</kw>
<kw name="Input Text" owner="SeleniumLibrary">
<msg time="2025-11-19T21:47:20.167682" level="INFO">Typing text 'madik' into text field 'id=name'.</msg>
<arg>${NAME_FIELD}</arg>
<arg>${NAME}</arg>
<doc>Types the given ``text`` into the text field identified by ``locator``.</doc>
<status status="PASS" start="2025-11-19T21:47:20.166680" elapsed="0.828223"/>
</kw>
<kw name="Input Text" owner="SeleniumLibrary">
<msg time="2025-11-19T21:47:20.995907" level="INFO">Typing text 'Kazakhstan' into text field 'id=country'.</msg>
<arg>${COUNTRY_FIELD}</arg>
<arg>${COUNTRY}</arg>
<doc>Types the given ``text`` into the text field identified by ``locator``.</doc>
<status status="PASS" start="2025-11-19T21:47:20.995907" elapsed="0.776542"/>
</kw>
<kw name="Input Text" owner="SeleniumLibrary">
<msg time="2025-11-19T21:47:21.773448" level="INFO">Typing text 'Almaty' into text field 'id=city'.</msg>
<arg>${CITY_FIELD}</arg>
<arg>${CITY}</arg>
<doc>Types the given ``text`` into the text field identified by ``locator``.</doc>
<status status="PASS" start="2025-11-19T21:47:21.773448" elapsed="0.725623"/>
</kw>
<kw name="Input Text" owner="SeleniumLibrary">
<msg time="2025-11-19T21:47:22.500596" level="INFO">Typing text '0400 5609 2222 1111' into text field 'id=card'.</msg>
<arg>${CREDIT_CARD_FIELD}</arg>
<arg>${CREDIT_CARD}</arg>
<doc>Types the given ``text`` into the text field identified by ``locator``.</doc>
<status status="PASS" start="2025-11-19T21:47:22.500596" elapsed="0.814666"/>
</kw>
<kw name="Input Text" owner="SeleniumLibrary">
<msg time="2025-11-19T21:47:23.317257" level="INFO">Typing text 'December' into text field 'id=month'.</msg>
<arg>${MONTH_FIELD}</arg>
<arg>${MONTH}</arg>
<doc>Types the given ``text`` into the text field identified by ``locator``.</doc>
<status status="PASS" start="2025-11-19T21:47:23.316257" elapsed="0.728865"/>
</kw>
<kw name="Input Text" owner="SeleniumLibrary">
<msg time="2025-11-19T21:47:24.047138" level="INFO">Typing text '1999' into text field 'id=year'.</msg>
<arg>${YEAR_FIELD}</arg>
<arg>${YEAR}</arg>
<doc>Types the given ``text`` into the text field identified by ``locator``.</doc>
<status status="PASS" start="2025-11-19T21:47:24.046134" elapsed="0.721516"/>
</kw>
<kw name="Click Element" owner="SeleniumLibrary">
<msg time="2025-11-19T21:47:24.769650" level="INFO">Clicking element 'xpath=//*[@id="orderModal"]/div/div/div[3]/button[2]'.</msg>
<arg>${PURCHASE_BUTTON}</arg>
<doc>Click the element identified by ``locator``.</doc>
<status status="PASS" start="2025-11-19T21:47:24.769650" elapsed="0.509281"/>
</kw>
<kw name="Sleep" owner="BuiltIn">
<msg time="2025-11-19T21:47:26.281285" level="INFO">Slept 1 second.</msg>
<arg>1s</arg>
<doc>Pauses the test executed for the given time.</doc>
<status status="PASS" start="2025-11-19T21:47:25.279930" elapsed="1.001355"/>
</kw>
<status status="PASS" start="2025-11-19T21:47:18.164004" elapsed="8.118276"/>
</kw>
<kw name="Sleep" owner="BuiltIn">
<msg time="2025-11-19T21:47:28.283329" level="INFO">Slept 2 seconds.</msg>
<arg>2s</arg>
<doc>Pauses the test executed for the given time.</doc>
<status status="PASS" start="2025-11-19T21:47:26.283280" elapsed="2.000049"/>
</kw>
<kw name="Close Website" owner="keywords">
<kw name="Close Browser" owner="SeleniumLibrary">
<doc>Closes the current browser.</doc>
<status status="PASS" start="2025-11-19T21:47:28.284340" elapsed="0.001000"/>
</kw>
<status status="PASS" start="2025-11-19T21:47:28.284340" elapsed="0.001000"/>
</kw>
<status status="PASS" start="2025-11-19T21:46:47.819721" elapsed="40.467115"/>
</test>
<status status="PASS" start="2025-11-19T21:46:47.772721" elapsed="43.497393"/>
</suite>
<suite id="s1-s3" name="04 Buyproduct Test 15, iPhone 13, Chromium" source="C:\Users\Madiyar\Desktop\projects\testing\testing-assignment2\tests\04_buyproduct_test.robot">
<test id="s1-s3-t1" name="Buy Product Test" line="6">
<kw name="Open Website" owner="keywords">
<kw name="Open Browser" owner="SeleniumLibrary">
<msg time="2025-11-19T21:46:47.459685" level="INFO">Opening browser 'chrome' to base url 'https://www.demoblaze.com/'.</msg>
<msg time="2025-11-19T21:46:47.529686" level="INFO">Completed setup!</msg>
<arg>${URL}</arg>
<arg>${BROWSER}</arg>
<doc>Opens a new browser instance to the optional ``url``.</doc>
<status status="PASS" start="2025-11-19T21:46:47.458685" elapsed="31.331933"/>
</kw>
<kw name="Maximize Browser Window" owner="SeleniumLibrary">
<doc>Maximizes current browser window.</doc>
<status status="PASS" start="2025-11-19T21:47:18.791618" elapsed="0.254147"/>
</kw>
<status status="PASS" start="2025-11-19T21:46:47.457686" elapsed="31.589091"/>
</kw>
<kw name="Log In With Credentials" owner="keywords">
<kw name="Click Element" owner="SeleniumLibrary">
<msg time="2025-11-19T21:47:19.048778" level="INFO">Clicking element 'id=login2'.</msg>
<arg>${LOGIN_BUTTON}</arg>
<doc>Click the element identified by ``locator``.</doc>
<status status="PASS" start="2025-11-19T21:47:19.048778" elapsed="0.622579"/>
</kw>
<kw name="Wait Until Element Is Visible" owner="SeleniumLibrary">
<arg>${LOGIN_MODAL}</arg>
<arg>5s</arg>
<doc>Waits until the element ``locator`` is visible.</doc>
<status status="PASS" start="2025-11-19T21:47:19.672361" elapsed="0.553984"/>
</kw>
<kw name="Input Text" owner="SeleniumLibrary">
<msg time="2025-11-19T21:47:20.228319" level="INFO">Typing text 'madikensky4' into text field 'id=loginusername'.</msg>
<arg>${LOGIN_USERNAME_FIELD}</arg>
<arg>${username_field}</arg>
<doc>Types the given ``text`` into the text field identified by ``locator``.</doc>
<status status="PASS" start="2025-11-19T21:47:20.227806" elapsed="0.864063"/>
</kw>
<kw name="Input Text" owner="SeleniumLibrary">
<msg time="2025-11-19T21:47:21.092868" level="INFO">Typing text '123' into text field 'id=loginpassword'.</msg>
<arg>${LOGIN_PASSWORD_FIELD}</arg>
<arg>${password_field}</arg>
<doc>Types the given ``text`` into the text field identified by ``locator``.</doc>
<status status="PASS" start="2025-11-19T21:47:21.092868" elapsed="0.941890"/>
</kw>
<kw name="Click Element" owner="SeleniumLibrary">
<msg time="2025-11-19T21:47:22.036756" level="INFO">Clicking element 'xpath=//*[@id="logInModal"]/div/div/div[3]/button[2]'.</msg>
<arg>${LOGIN_SUBMIT_BUTTON}</arg>
<doc>Click the element identified by ``locator``.</doc>
<status status="PASS" start="2025-11-19T21:47:22.035757" elapsed="0.574066"/>
</kw>
<kw name="Sleep" owner="BuiltIn">
<msg time="2025-11-19T21:47:24.611810" level="INFO">Slept 2 seconds.</msg>
<arg>2s</arg>
<doc>Pauses the test executed for the given time.</doc>
<status status="PASS" start="2025-11-19T21:47:22.610820" elapsed="2.000990"/>
</kw>
<arg>${USERNAME}</arg>
<arg>${PASSWORD}</arg>
<status status="PASS" start="2025-11-19T21:47:19.047778" elapsed="5.565035"/>
</kw>
<kw name="Add Item To the Cart" owner="keywords">
<kw name="Wait Until Element Is Visible" owner="SeleniumLibrary">
<arg>${PHONE_NEXUS_6}</arg>
<doc>Waits until the element ``locator`` is visible.</doc>
<status status="PASS" start="2025-11-19T21:47:24.614811" elapsed="2.496489"/>
</kw>
<kw name="Click Element" owner="SeleniumLibrary">
<msg time="2025-11-19T21:47:27.113311" level="INFO">Clicking element 'xpath=//*[@id="tbodyid"]/div[3]'.</msg>
<arg>${PHONE_NEXUS_6}</arg>
<doc>Click the element identified by ``locator``.</doc>
<status status="PASS" start="2025-11-19T21:47:27.112312" elapsed="0.552090"/>
</kw>
<kw name="Sleep" owner="BuiltIn">
<msg time="2025-11-19T21:47:28.665520" level="INFO">Slept 1 second.</msg>
<arg>1s</arg>
<doc>Pauses the test executed for the given time.</doc>
<status status="PASS" start="2025-11-19T21:47:27.665400" elapsed="1.001117"/>
</kw>
<kw name="Wait Until Element Is Visible" owner="SeleniumLibrary">
<arg>${ADD_TO_CART_BUTTON}</arg>
<doc>Waits until the element ``locator`` is visible.</doc>
<status status="PASS" start="2025-11-19T21:47:28.668514" elapsed="0.593749"/>
</kw>
<kw name="Click Element" owner="SeleniumLibrary">
<msg time="2025-11-19T21:47:29.264266" level="INFO">Clicking element 'xpath=//*[@id="tbodyid"]/div[2]/div/a'.</msg>
<arg>${ADD_TO_CART_BUTTON}</arg>
<doc>Click the element identified by ``locator``.</doc>
<status status="PASS" start="2025-11-19T21:47:29.264266" elapsed="0.573445"/>
</kw>
<kw name="Sleep" owner="BuiltIn">
<msg time="2025-11-19T21:47:30.839899" level="INFO">Slept 1 second.</msg>
<arg>1s</arg>
<doc>Pauses the test executed for the given time.</doc>
<status status="PASS" start="2025-11-19T21:47:29.839609" elapsed="1.000290"/>
</kw>
<status status="PASS" start="2025-11-19T21:47:24.613813" elapsed="6.227082"/>
</kw>
<kw name="Go To Cart PAGE" owner="keywords">
<kw name="Click Element" owner="SeleniumLibrary">
<msg time="2025-11-19T21:47:30.843901" level="INFO">Clicking element 'id=cartur'.</msg>
<arg>${CART PAGE}</arg>
<doc>Click the element identified by ``locator``.</doc>
<status status="PASS" start="2025-11-19T21:47:30.842896" elapsed="1.633553"/>
</kw>
<kw name="Sleep" owner="BuiltIn">
<msg time="2025-11-19T21:47:34.478978" level="INFO">Slept 2 seconds.</msg>
<arg>2s</arg>
<doc>Pauses the test executed for the given time.</doc>
<status status="PASS" start="2025-11-19T21:47:32.478437" elapsed="2.000541"/>
</kw>
<status status="PASS" start="2025-11-19T21:47:30.841895" elapsed="3.638079"/>
</kw>
<kw name="Place Order" owner="keywords">
<kw name="Click Element" owner="SeleniumLibrary">
<msg time="2025-11-19T21:47:34.481975" level="INFO">Clicking element 'xpath=//*[@id="page-wrapper"]/div/div[2]/button'.</msg>
<arg>${PLACE_ORDER_BUTTON}</arg>
<doc>Click the element identified by ``locator``.</doc>
<status status="PASS" start="2025-11-19T21:47:34.480971" elapsed="0.871272"/>
</kw>
<kw name="Sleep" owner="BuiltIn">
<msg time="2025-11-19T21:47:36.354791" level="INFO">Slept 1 second.</msg>
<arg>1s</arg>
<doc>Pauses the test executed for the given time.</doc>
<status status="PASS" start="2025-11-19T21:47:35.354244" elapsed="1.001547"/>
</kw>
<kw name="Wait Until Element Is Visible" owner="SeleniumLibrary">
<arg>${PLACE_ORDER_MODAL}</arg>
<doc>Waits until the element ``locator`` is visible.</doc>
<status status="PASS" start="2025-11-19T21:47:36.356791" elapsed="0.888128"/>
</kw>
<kw name="Input Text" owner="SeleniumLibrary">
<msg time="2025-11-19T21:47:37.246917" level="INFO">Typing text 'madik' into text field 'id=name'.</msg>
<arg>${NAME_FIELD}</arg>
<arg>${NAME}</arg>
<doc>Types the given ``text`` into the text field identified by ``locator``.</doc>
<status status="PASS" start="2025-11-19T21:47:37.245915" elapsed="1.350030"/>
</kw>
<kw name="Input Text" owner="SeleniumLibrary">
<msg time="2025-11-19T21:47:38.597953" level="INFO">Typing text 'Kazakhstan' into text field 'id=country'.</msg>
<arg>${COUNTRY_FIELD}</arg>
<arg>${COUNTRY}</arg>
<doc>Types the given ``text`` into the text field identified by ``locator``.</doc>
<status status="PASS" start="2025-11-19T21:47:38.596953" elapsed="0.969303"/>
</kw>
<kw name="Input Text" owner="SeleniumLibrary">
<msg time="2025-11-19T21:47:39.567257" level="INFO">Typing text 'Almaty' into text field 'id=city'.</msg>
<arg>${CITY_FIELD}</arg>
<arg>${CITY}</arg>
<doc>Types the given ``text`` into the text field identified by ``locator``.</doc>
<status status="PASS" start="2025-11-19T21:47:39.567257" elapsed="1.269039"/>
</kw>
<kw name="Input Text" owner="SeleniumLibrary">
<msg time="2025-11-19T21:47:40.837279" level="INFO">Typing text '0400 5609 2222 1111' into text field 'id=card'.</msg>
<arg>${CREDIT_CARD_FIELD}</arg>
<arg>${CREDIT_CARD}</arg>
<doc>Types the given ``text`` into the text field identified by ``locator``.</doc>
<status status="PASS" start="2025-11-19T21:47:40.837279" elapsed="1.054224"/>
</kw>
<kw name="Input Text" owner="SeleniumLibrary">
<msg time="2025-11-19T21:47:41.893502" level="INFO">Typing text 'December' into text field 'id=month'.</msg>
<arg>${MONTH_FIELD}</arg>
<arg>${MONTH}</arg>
<doc>Types the given ``text`` into the text field identified by ``locator``.</doc>
<status status="PASS" start="2025-11-19T21:47:41.892503" elapsed="1.047035"/>
</kw>
<kw name="Input Text" owner="SeleniumLibrary">
<msg time="2025-11-19T21:47:42.941521" level="INFO">Typing text '1999' into text field 'id=year'.</msg>
<arg>${YEAR_FIELD}</arg>
<arg>${YEAR}</arg>
<doc>Types the given ``text`` into the text field identified by ``locator``.</doc>
<status status="PASS" start="2025-11-19T21:47:42.940521" elapsed="0.962212"/>
</kw>
<kw name="Click Element" owner="SeleniumLibrary">
<msg time="2025-11-19T21:47:43.903733" level="INFO">Clicking element 'xpath=//*[@id="orderModal"]/div/div/div[3]/button[2]'.</msg>
<arg>${PURCHASE_BUTTON}</arg>
<doc>Click the element identified by ``locator``.</doc>
<status status="PASS" start="2025-11-19T21:47:43.903733" elapsed="0.585550"/>
</kw>
<kw name="Sleep" owner="BuiltIn">
<msg time="2025-11-19T21:47:45.490618" level="INFO">Slept 1 second.</msg>
<arg>1s</arg>
<doc>Pauses the test executed for the given time.</doc>
<status status="PASS" start="2025-11-19T21:47:44.490277" elapsed="1.000341"/>
</kw>
<status status="PASS" start="2025-11-19T21:47:34.480971" elapsed="11.011651"/>
</kw>
<kw name="Sleep" owner="BuiltIn">
<msg time="2025-11-19T21:47:47.494016" level="INFO">Slept 2 seconds.</msg>
<arg>2s</arg>
<doc>Pauses the test executed for the given time.</doc>
<status status="PASS" start="2025-11-19T21:47:45.492622" elapsed="2.001394"/>
</kw>
<kw name="Close Website" owner="keywords">
<kw name="Close Browser" owner="SeleniumLibrary">
<doc>Closes the current browser.</doc>
<status status="PASS" start="2025-11-19T21:47:47.496015" elapsed="0.000000"/>
</kw>
<status status="PASS" start="2025-11-19T21:47:47.495017" elapsed="0.002000"/>
</kw>
<status status="PASS" start="2025-11-19T21:46:47.455683" elapsed="60.041334"/>
</test>
<status status="PASS" start="2025-11-19T21:46:47.414684" elapsed="63.418007"/>
</suite>
<suite id="s1-s4" name="01 Signup Test Windows, 10, Chrome, 120.0" source="C:\Users\Madiyar\Desktop\projects\testing\testing-assignment2\tests\01_signup_test.robot">
<test id="s1-s4-t1" name="Sign Up Test" line="6">
<kw name="Open Website" owner="keywords">
<kw name="Open Browser" owner="SeleniumLibrary">
<msg time="2025-11-19T21:47:39.293115" level="INFO">Opening browser 'chrome' to base url 'https://www.demoblaze.com/'.</msg>
<msg time="2025-11-19T21:47:39.345616" level="INFO">Completed setup!</msg>
<arg>${URL}</arg>
<arg>${BROWSER}</arg>
<doc>Opens a new browser instance to the optional ``url``.</doc>
<status status="PASS" start="2025-11-19T21:47:39.292118" elapsed="7.271678"/>
</kw>
<kw name="Maximize Browser Window" owner="SeleniumLibrary">
<doc>Maximizes current browser window.</doc>
<status status="PASS" start="2025-11-19T21:47:46.564796" elapsed="0.695398"/>
</kw>
<status status="PASS" start="2025-11-19T21:47:39.291118" elapsed="7.971081"/>
</kw>
<kw name="Sign Up With Credentials" owner="keywords">
<kw name="Click Element" owner="SeleniumLibrary">
<msg time="2025-11-19T21:47:47.263200" level="INFO">Clicking element 'xpath=//*[@id="signin2"]'.</msg>
<arg>${SIGNUP_BUTTON}</arg>
<doc>Click the element identified by ``locator``.</doc>
<status status="PASS" start="2025-11-19T21:47:47.263200" elapsed="0.779556"/>
</kw>
<kw name="Wait Until Element Is Visible" owner="SeleniumLibrary">
<arg>${SIGNUP_MODAL}</arg>
<arg>5s</arg>
<doc>Waits until the element ``locator`` is visible.</doc>
<status status="PASS" start="2025-11-19T21:47:48.044770" elapsed="0.543386"/>
</kw>
<kw name="Input Text" owner="SeleniumLibrary">
<msg time="2025-11-19T21:47:48.589154" level="INFO">Typing text 'madikensky4' into text field 'id=sign-username'.</msg>
<arg>${SIGNUP_USERNAME_FIELD}</arg>
<arg>${username_field}</arg>
<doc>Types the given ``text`` into the text field identified by ``locator``.</doc>
<status status="PASS" start="2025-11-19T21:47:48.589154" elapsed="0.861611"/>
</kw>
<kw name="Input Text" owner="SeleniumLibrary">
<msg time="2025-11-19T21:47:49.451768" level="INFO">Typing text '123' into text field 'id=sign-password'.</msg>
<arg>${SIGNUP_PASSWORD_FIELD}</arg>
<arg>${password_field}</arg>
<doc>Types the given ``text`` into the text field identified by ``locator``.</doc>
<status status="PASS" start="2025-11-19T21:47:49.451768" elapsed="0.999168"/>
</kw>
<kw name="Click Element" owner="SeleniumLibrary">
<msg time="2025-11-19T21:47:50.452937" level="INFO">Clicking element 'xpath=//*[@id="signInModal"]/div/div/div[3]/button[2]'.</msg>
<arg>${SIGNUP_SUBMIT_BUTTON}</arg>
<doc>Click the element identified by ``locator``.</doc>
<status status="PASS" start="2025-11-19T21:47:50.451941" elapsed="1.017772"/>
</kw>
<kw name="Sleep" owner="BuiltIn">
<msg time="2025-11-19T21:47:53.472194" level="INFO">Slept 2 seconds.</msg>
<arg>2s</arg>
<doc>Pauses the test executed for the given time.</doc>
<status status="PASS" start="2025-11-19T21:47:51.470709" elapsed="2.001485"/>
</kw>
<arg>${USERNAME}</arg>
<arg>${PASSWORD}</arg>
<status status="PASS" start="2025-11-19T21:47:47.262199" elapsed="6.210997"/>
</kw>
<kw name="Close Website" owner="keywords">
<kw name="Close Browser" owner="SeleniumLibrary">
<doc>Closes the current browser.</doc>
<status status="PASS" start="2025-11-19T21:47:53.474194" elapsed="0.001004"/>
</kw>
<status status="PASS" start="2025-11-19T21:47:53.474194" elapsed="0.002003"/>
</kw>
<status status="PASS" start="2025-11-19T21:47:39.289582" elapsed="14.186615"/>
</test>
<status status="PASS" start="2025-11-19T21:47:39.247305" elapsed="16.418192"/>
</suite>
<suite id="s1-s5" name="01 Signup Test OS X, Monterey, Safari, 15.6" source="C:\Users\Madiyar\Desktop\projects\testing\testing-assignment2\tests\01_signup_test.robot">
<test id="s1-s5-t1" name="Sign Up Test" line="6">
<kw name="Open Website" owner="keywords">
<kw name="Open Browser" owner="SeleniumLibrary">
<msg time="2025-11-19T21:47:44.854180" level="INFO">Opening browser 'chrome' to base url 'https://www.demoblaze.com/'.</msg>
<msg time="2025-11-19T21:47:44.909987" level="INFO">Completed setup!</msg>
<arg>${URL}</arg>
<arg>${BROWSER}</arg>
<doc>Opens a new browser instance to the optional ``url``.</doc>
<status status="PASS" start="2025-11-19T21:47:44.853181" elapsed="32.142491"/>
</kw>
<kw name="Maximize Browser Window" owner="SeleniumLibrary">
<doc>Maximizes current browser window.</doc>
<status status="PASS" start="2025-11-19T21:48:16.997671" elapsed="0.438000"/>
</kw>
<status status="PASS" start="2025-11-19T21:47:44.851178" elapsed="32.585494"/>
</kw>
<kw name="Sign Up With Credentials" owner="keywords">
<kw name="Click Element" owner="SeleniumLibrary">
<msg time="2025-11-19T21:48:17.438674" level="INFO">Clicking element 'xpath=//*[@id="signin2"]'.</msg>
<arg>${SIGNUP_BUTTON}</arg>
<doc>Click the element identified by ``locator``.</doc>
<status status="PASS" start="2025-11-19T21:48:17.437672" elapsed="0.955111"/>
</kw>
<kw name="Wait Until Element Is Visible" owner="SeleniumLibrary">
<arg>${SIGNUP_MODAL}</arg>
<arg>5s</arg>
<doc>Waits until the element ``locator`` is visible.</doc>
<status status="PASS" start="2025-11-19T21:48:18.394783" elapsed="0.925645"/>
</kw>
<kw name="Input Text" owner="SeleniumLibrary">
<msg time="2025-11-19T21:48:19.322430" level="INFO">Typing text 'madikensky4' into text field 'id=sign-username'.</msg>
<arg>${SIGNUP_USERNAME_FIELD}</arg>
<arg>${username_field}</arg>
<doc>Types the given ``text`` into the text field identified by ``locator``.</doc>
<status status="PASS" start="2025-11-19T21:48:19.321427" elapsed="1.123286"/>
</kw>
<kw name="Input Text" owner="SeleniumLibrary">
<msg time="2025-11-19T21:48:20.446716" level="INFO">Typing text '123' into text field 'id=sign-password'.</msg>
<arg>${SIGNUP_PASSWORD_FIELD}</arg>
<arg>${password_field}</arg>
<doc>Types the given ``text`` into the text field identified by ``locator``.</doc>
<status status="PASS" start="2025-11-19T21:48:20.445715" elapsed="1.253164"/>
</kw>
<kw name="Click Element" owner="SeleniumLibrary">
<msg time="2025-11-19T21:48:21.700881" level="INFO">Clicking element 'xpath=//*[@id="signInModal"]/div/div/div[3]/button[2]'.</msg>
<arg>${SIGNUP_SUBMIT_BUTTON}</arg>
<doc>Click the element identified by ``locator``.</doc>
<status status="PASS" start="2025-11-19T21:48:21.699881" elapsed="0.864825"/>
</kw>
<kw name="Sleep" owner="BuiltIn">
<msg time="2025-11-19T21:48:24.565773" level="INFO">Slept 2 seconds.</msg>
<arg>2s</arg>
<doc>Pauses the test executed for the given time.</doc>
<status status="PASS" start="2025-11-19T21:48:22.565706" elapsed="2.001067"/>
</kw>
<arg>${USERNAME}</arg>
<arg>${PASSWORD}</arg>
<status status="PASS" start="2025-11-19T21:48:17.436672" elapsed="7.131101"/>
</kw>
<kw name="Close Website" owner="keywords">
<kw name="Close Browser" owner="SeleniumLibrary">
<doc>Closes the current browser.</doc>
<status status="PASS" start="2025-11-19T21:48:24.569775" elapsed="0.000000"/>
</kw>
<status status="PASS" start="2025-11-19T21:48:24.568776" elapsed="0.001996"/>
</kw>
<status status="PASS" start="2025-11-19T21:47:44.849185" elapsed="39.722588"/>
</test>
<status status="PASS" start="2025-11-19T21:47:44.807166" elapsed="43.079554"/>
</suite>
<suite id="s1-s6" name="01 Signup Test 15, iPhone 13, Chromium" source="C:\Users\Madiyar\Desktop\projects\testing\testing-assignment2\tests\01_signup_test.robot">
<test id="s1-s6-t1" name="Sign Up Test" line="6">
<kw name="Open Website" owner="keywords">
<kw name="Open Browser" owner="SeleniumLibrary">
<msg time="2025-11-19T21:47:58.716337" level="INFO">Opening browser 'chrome' to base url 'https://www.demoblaze.com/'.</msg>
<msg time="2025-11-19T21:47:58.780338" level="INFO">Completed setup!</msg>
<arg>${URL}</arg>
<arg>${BROWSER}</arg>
<doc>Opens a new browser instance to the optional ``url``.</doc>
<status status="PASS" start="2025-11-19T21:47:58.716337" elapsed="26.173435"/>
</kw>
<kw name="Maximize Browser Window" owner="SeleniumLibrary">
<doc>Maximizes current browser window.</doc>
<status status="PASS" start="2025-11-19T21:48:24.891774" elapsed="0.163998"/>
</kw>
<status status="PASS" start="2025-11-19T21:47:58.715337" elapsed="26.342436"/>
</kw>
<kw name="Sign Up With Credentials" owner="keywords">
<kw name="Click Element" owner="SeleniumLibrary">
<msg time="2025-11-19T21:48:25.059776" level="INFO">Clicking element 'xpath=//*[@id="signin2"]'.</msg>
<arg>${SIGNUP_BUTTON}</arg>
<doc>Click the element identified by ``locator``.</doc>
<status status="PASS" start="2025-11-19T21:48:25.058774" elapsed="0.544778"/>
</kw>
<kw name="Wait Until Element Is Visible" owner="SeleniumLibrary">
<arg>${SIGNUP_MODAL}</arg>
<arg>5s</arg>
<doc>Waits until the element ``locator`` is visible.</doc>
<status status="PASS" start="2025-11-19T21:48:25.604490" elapsed="0.347228"/>
</kw>
<kw name="Input Text" owner="SeleniumLibrary">
<msg time="2025-11-19T21:48:25.953719" level="INFO">Typing text 'madikensky4' into text field 'id=sign-username'.</msg>
<arg>${SIGNUP_USERNAME_FIELD}</arg>
<arg>${username_field}</arg>
<doc>Types the given ``text`` into the text field identified by ``locator``.</doc>
<status status="PASS" start="2025-11-19T21:48:25.953719" elapsed="0.613676"/>
</kw>
<kw name="Input Text" owner="SeleniumLibrary">
<msg time="2025-11-19T21:48:26.568395" level="INFO">Typing text '123' into text field 'id=sign-password'.</msg>
<arg>${SIGNUP_PASSWORD_FIELD}</arg>
<arg>${password_field}</arg>
<doc>Types the given ``text`` into the text field identified by ``locator``.</doc>
<status status="PASS" start="2025-11-19T21:48:26.568395" elapsed="0.522339"/>
</kw>
<kw name="Click Element" owner="SeleniumLibrary">
<msg time="2025-11-19T21:48:27.092734" level="INFO">Clicking element 'xpath=//*[@id="signInModal"]/div/div/div[3]/button[2]'.</msg>
<arg>${SIGNUP_SUBMIT_BUTTON}</arg>
<doc>Click the element identified by ``locator``.</doc>
<status status="PASS" start="2025-11-19T21:48:27.091733" elapsed="0.403727"/>
</kw>
<kw name="Sleep" owner="BuiltIn">
<msg time="2025-11-19T21:48:29.498259" level="INFO">Slept 2 seconds.</msg>
<arg>2s</arg>
<doc>Pauses the test executed for the given time.</doc>
<status status="PASS" start="2025-11-19T21:48:27.496459" elapsed="2.001800"/>
</kw>
<arg>${USERNAME}</arg>
<arg>${PASSWORD}</arg>
<status status="PASS" start="2025-11-19T21:48:25.057773" elapsed="4.441489"/>
</kw>
<kw name="Close Website" owner="keywords">
<kw name="Close Browser" owner="SeleniumLibrary">
<doc>Closes the current browser.</doc>
<status status="PASS" start="2025-11-19T21:48:29.501263" elapsed="0.000000"/>
</kw>
<status status="PASS" start="2025-11-19T21:48:29.500260" elapsed="0.002002"/>
</kw>
<status status="PASS" start="2025-11-19T21:47:58.713338" elapsed="30.788924"/>
</test>
<status status="PASS" start="2025-11-19T21:47:58.638821" elapsed="33.224248"/>
</suite>
<suite id="s1-s7" name="02 Login Test Windows, 10, Chrome, 120.0" source="C:\Users\Madiyar\Desktop\projects\testing\testing-assignment2\tests\02_login_test.robot">
<test id="s1-s7-t1" name="Log In Test" line="6">
<kw name="Open Website" owner="keywords">
<kw name="Open Browser" owner="SeleniumLibrary">
<msg time="2025-11-19T21:48:08.821889" level="INFO">Opening browser 'chrome' to base url 'https://www.demoblaze.com/'.</msg>
<msg time="2025-11-19T21:48:08.903461" level="INFO">Completed setup!</msg>
<arg>${URL}</arg>
<arg>${BROWSER}</arg>
<doc>Opens a new browser instance to the optional ``url``.</doc>
<status status="PASS" start="2025-11-19T21:48:08.820888" elapsed="7.857743"/>
</kw>
<kw name="Maximize Browser Window" owner="SeleniumLibrary">
<doc>Maximizes current browser window.</doc>
<status status="PASS" start="2025-11-19T21:48:16.679634" elapsed="0.389037"/>
</kw>
<status status="PASS" start="2025-11-19T21:48:08.818885" elapsed="8.250788"/>
</kw>
<kw name="Log In With Credentials" owner="keywords">
<kw name="Click Element" owner="SeleniumLibrary">
<msg time="2025-11-19T21:48:17.071672" level="INFO">Clicking element 'id=login2'.</msg>
<arg>${LOGIN_BUTTON}</arg>
<doc>Click the element identified by ``locator``.</doc>
<status status="PASS" start="2025-11-19T21:48:17.070672" elapsed="0.688035"/>
</kw>
<kw name="Wait Until Element Is Visible" owner="SeleniumLibrary">
<arg>${LOGIN_MODAL}</arg>
<arg>5s</arg>
<doc>Waits until the element ``locator`` is visible.</doc>
<status status="PASS" start="2025-11-19T21:48:17.759710" elapsed="0.367037"/>
</kw>
<kw name="Input Text" owner="SeleniumLibrary">
<msg time="2025-11-19T21:48:18.128747" level="INFO">Typing text 'madikensky4' into text field 'id=loginusername'.</msg>
<arg>${LOGIN_USERNAME_FIELD}</arg>
<arg>${username_field}</arg>
<doc>Types the given ``text`` into the text field identified by ``locator``.</doc>
<status status="PASS" start="2025-11-19T21:48:18.127748" elapsed="0.618555"/>
</kw>
<kw name="Input Text" owner="SeleniumLibrary">
<msg time="2025-11-19T21:48:18.747303" level="INFO">Typing text '123' into text field 'id=loginpassword'.</msg>
<arg>${LOGIN_PASSWORD_FIELD}</arg>
<arg>${password_field}</arg>
<doc>Types the given ``text`` into the text field identified by ``locator``.</doc>
<status status="PASS" start="2025-11-19T21:48:18.747303" elapsed="6.246469"/>
</kw>
<kw name="Click Element" owner="SeleniumLibrary">
<msg time="2025-11-19T21:48:24.995773" level="INFO">Clicking element 'xpath=//*[@id="logInModal"]/div/div/div[3]/button[2]'.</msg>
<arg>${LOGIN_SUBMIT_BUTTON}</arg>
<doc>Click the element identified by ``locator``.</doc>
<status status="PASS" start="2025-11-19T21:48:24.994773" elapsed="0.434063"/>
</kw>
<kw name="Sleep" owner="BuiltIn">
<msg time="2025-11-19T21:48:27.429940" level="INFO">Slept 2 seconds.</msg>
<arg>2s</arg>
<doc>Pauses the test executed for the given time.</doc>
<status status="PASS" start="2025-11-19T21:48:25.429837" elapsed="2.000103"/>
</kw>
<arg>${USERNAME}</arg>
<arg>${PASSWORD}</arg>
<status status="PASS" start="2025-11-19T21:48:17.069673" elapsed="10.361267"/>
</kw>
<kw name="Close Website" owner="keywords">
<kw name="Close Browser" owner="SeleniumLibrary">
<doc>Closes the current browser.</doc>
<status status="PASS" start="2025-11-19T21:48:27.431939" elapsed="0.001000"/>
</kw>
<status status="PASS" start="2025-11-19T21:48:27.431939" elapsed="0.002000"/>
</kw>
<status status="PASS" start="2025-11-19T21:48:08.816884" elapsed="18.617055"/>
</test>
<status status="PASS" start="2025-11-19T21:48:08.764791" elapsed="20.714950"/>
</suite>
<suite id="s1-s8" name="02 Login Test OS X, Monterey, Safari, 15.6" source="C:\Users\Madiyar\Desktop\projects\testing\testing-assignment2\tests\02_login_test.robot">
<test id="s1-s8-t1" name="Log In Test" line="6">
<kw name="Open Website" owner="keywords">
<kw name="Open Browser" owner="SeleniumLibrary">
<msg time="2025-11-19T21:48:36.386025" level="INFO">Opening browser 'chrome' to base url 'https://www.demoblaze.com/'.</msg>
<msg time="2025-11-19T21:48:36.440804" level="INFO">Completed setup!</msg>
<arg>${URL}</arg>
<arg>${BROWSER}</arg>
<doc>Opens a new browser instance to the optional ``url``.</doc>
<status status="PASS" start="2025-11-19T21:48:36.385027" elapsed="20.440823"/>
</kw>
<kw name="Maximize Browser Window" owner="SeleniumLibrary">
<doc>Maximizes current browser window.</doc>
<status status="PASS" start="2025-11-19T21:48:56.826851" elapsed="0.258125"/>
</kw>
<status status="PASS" start="2025-11-19T21:48:36.384025" elapsed="20.702951"/>
</kw>
<kw name="Log In With Credentials" owner="keywords">
<kw name="Click Element" owner="SeleniumLibrary">
<msg time="2025-11-19T21:48:57.088977" level="INFO">Clicking element 'id=login2'.</msg>
<arg>${LOGIN_BUTTON}</arg>
<doc>Click the element identified by ``locator``.</doc>
<status status="PASS" start="2025-11-19T21:48:57.087977" elapsed="0.493459"/>
</kw>
<kw name="Wait Until Element Is Visible" owner="SeleniumLibrary">
<arg>${LOGIN_MODAL}</arg>
<arg>5s</arg>
<doc>Waits until the element ``locator`` is visible.</doc>
<status status="PASS" start="2025-11-19T21:48:57.583438" elapsed="0.486584"/>
</kw>
<kw name="Input Text" owner="SeleniumLibrary">
<msg time="2025-11-19T21:48:58.071020" level="INFO">Typing text 'madikensky4' into text field 'id=loginusername'.</msg>
<arg>${LOGIN_USERNAME_FIELD}</arg>
<arg>${username_field}</arg>
<doc>Types the given ``text`` into the text field identified by ``locator``.</doc>
<status status="PASS" start="2025-11-19T21:48:58.071020" elapsed="0.777447"/>
</kw>
<kw name="Input Text" owner="SeleniumLibrary">
<msg time="2025-11-19T21:48:58.850457" level="INFO">Typing text '123' into text field 'id=loginpassword'.</msg>
<arg>${LOGIN_PASSWORD_FIELD}</arg>
<arg>${password_field}</arg>
<doc>Types the given ``text`` into the text field identified by ``locator``.</doc>
<status status="PASS" start="2025-11-19T21:48:58.849458" elapsed="0.812803"/>
</kw>
<kw name="Click Element" owner="SeleniumLibrary">
<msg time="2025-11-19T21:48:59.664255" level="INFO">Clicking element 'xpath=//*[@id="logInModal"]/div/div/div[3]/button[2]'.</msg>
<arg>${LOGIN_SUBMIT_BUTTON}</arg>
<doc>Click the element identified by ``locator``.</doc>
<status status="PASS" start="2025-11-19T21:48:59.663253" elapsed="0.508329"/>
</kw>
<kw name="Sleep" owner="BuiltIn">
<msg time="2025-11-19T21:49:02.174132" level="INFO">Slept 2 seconds.</msg>
<arg>2s</arg>
<doc>Pauses the test executed for the given time.</doc>
<status status="PASS" start="2025-11-19T21:49:00.172585" elapsed="2.001547"/>
</kw>
<arg>${USERNAME}</arg>
<arg>${PASSWORD}</arg>
<status status="PASS" start="2025-11-19T21:48:57.086976" elapsed="5.088155"/>
</kw>
<kw name="Close Website" owner="keywords">
<kw name="Close Browser" owner="SeleniumLibrary">
<doc>Closes the current browser.</doc>
<status status="PASS" start="2025-11-19T21:49:02.176135" elapsed="0.001000"/>
</kw>
<status status="PASS" start="2025-11-19T21:49:02.176135" elapsed="0.001000"/>
</kw>
<status status="PASS" start="2025-11-19T21:48:36.382025" elapsed="25.796111"/>
</test>
<status status="PASS" start="2025-11-19T21:48:36.342006" elapsed="29.208589"/>
</suite>
<suite id="s1-s9" name="02 Login Test 15, iPhone 13, Chromium" source="C:\Users\Madiyar\Desktop\projects\testing\testing-assignment2\tests\02_login_test.robot">
<test id="s1-s9-t1" name="Log In Test" line="6">
<kw name="Open Website" owner="keywords">
<kw name="Open Browser" owner="SeleniumLibrary">
<msg time="2025-11-19T21:48:38.367777" level="INFO">Opening browser 'chrome' to base url 'https://www.demoblaze.com/'.</msg>
<msg time="2025-11-19T21:48:38.426617" level="INFO">Completed setup!</msg>
<arg>${URL}</arg>
<arg>${BROWSER}</arg>
<doc>Opens a new browser instance to the optional ``url``.</doc>
<status status="PASS" start="2025-11-19T21:48:38.366777" elapsed="30.830265"/>
</kw>
<kw name="Maximize Browser Window" owner="SeleniumLibrary">
<doc>Maximizes current browser window.</doc>
<status status="PASS" start="2025-11-19T21:49:09.199046" elapsed="0.247703"/>
</kw>
<status status="PASS" start="2025-11-19T21:48:38.365780" elapsed="31.081968"/>
</kw>
<kw name="Log In With Credentials" owner="keywords">
<kw name="Click Element" owner="SeleniumLibrary">
<msg time="2025-11-19T21:49:09.451750" level="INFO">Clicking element 'id=login2'.</msg>
<arg>${LOGIN_BUTTON}</arg>
<doc>Click the element identified by ``locator``.</doc>
<status status="PASS" start="2025-11-19T21:49:09.450749" elapsed="0.653688"/>
</kw>
<kw name="Wait Until Element Is Visible" owner="SeleniumLibrary">
<arg>${LOGIN_MODAL}</arg>
<arg>5s</arg>
<doc>Waits until the element ``locator`` is visible.</doc>
<status status="PASS" start="2025-11-19T21:49:10.105436" elapsed="0.622081"/>
</kw>
<kw name="Input Text" owner="SeleniumLibrary">
<msg time="2025-11-19T21:49:10.728487" level="INFO">Typing text 'madikensky4' into text field 'id=loginusername'.</msg>
<arg>${LOGIN_USERNAME_FIELD}</arg>
<arg>${username_field}</arg>
<doc>Types the given ``text`` into the text field identified by ``locator``.</doc>
<status status="PASS" start="2025-11-19T21:49:10.728487" elapsed="0.940767"/>
</kw>
<kw name="Input Text" owner="SeleniumLibrary">
<msg time="2025-11-19T21:49:11.671251" level="INFO">Typing text '123' into text field 'id=loginpassword'.</msg>
<arg>${LOGIN_PASSWORD_FIELD}</arg>
<arg>${password_field}</arg>
<doc>Types the given ``text`` into the text field identified by ``locator``.</doc>
<status status="PASS" start="2025-11-19T21:49:11.670253" elapsed="1.245185"/>
</kw>
<kw name="Click Element" owner="SeleniumLibrary">
<msg time="2025-11-19T21:49:12.916440" level="INFO">Clicking element 'xpath=//*[@id="logInModal"]/div/div/div[3]/button[2]'.</msg>
<arg>${LOGIN_SUBMIT_BUTTON}</arg>
<doc>Click the element identified by ``locator``.</doc>
<status status="PASS" start="2025-11-19T21:49:12.916440" elapsed="0.874012"/>
</kw>
<kw name="Sleep" owner="BuiltIn">
<msg time="2025-11-19T21:49:15.792600" level="INFO">Slept 2 seconds.</msg>
<arg>2s</arg>
<doc>Pauses the test executed for the given time.</doc>
<status status="PASS" start="2025-11-19T21:49:13.791462" elapsed="2.001138"/>
</kw>
<arg>${USERNAME}</arg>
<arg>${PASSWORD}</arg>
<status status="PASS" start="2025-11-19T21:49:09.449747" elapsed="6.344856"/>
</kw>
<kw name="Close Website" owner="keywords">
<kw name="Close Browser" owner="SeleniumLibrary">
<doc>Closes the current browser.</doc>
<status status="PASS" start="2025-11-19T21:49:15.795602" elapsed="0.000000"/>
</kw>
<status status="PASS" start="2025-11-19T21:49:15.794603" elapsed="0.001999"/>
</kw>
<status status="PASS" start="2025-11-19T21:48:38.363776" elapsed="37.433824"/>
</test>
<status status="PASS" start="2025-11-19T21:48:38.313777" elapsed="41.379863"/>
</suite>
<suite id="s1-s10" name="03 Logout Test Windows, 10, Chrome, 120.0" source="C:\Users\Madiyar\Desktop\projects\testing\testing-assignment2\tests\03_logout_test.robot">
<test id="s1-s10-t1" name="Log Out Test" line="6">
<kw name="Open Website" owner="keywords">
<kw name="Open Browser" owner="SeleniumLibrary">
<msg time="2025-11-19T21:48:42.091695" level="INFO">Opening browser 'chrome' to base url 'https://www.demoblaze.com/'.</msg>
<msg time="2025-11-19T21:48:42.143693" level="INFO">Completed setup!</msg>
<arg>${URL}</arg>
<arg>${BROWSER}</arg>
<doc>Opens a new browser instance to the optional ``url``.</doc>
<status status="PASS" start="2025-11-19T21:48:42.090695" elapsed="12.603697"/>
</kw>
<kw name="Maximize Browser Window" owner="SeleniumLibrary">
<doc>Maximizes current browser window.</doc>
<status status="PASS" start="2025-11-19T21:48:54.696392" elapsed="0.506690"/>
</kw>
<status status="PASS" start="2025-11-19T21:48:42.089694" elapsed="13.114402"/>
</kw>
<kw name="Log In With Credentials" owner="keywords">
<kw name="Click Element" owner="SeleniumLibrary">
<msg time="2025-11-19T21:48:55.206099" level="INFO">Clicking element 'id=login2'.</msg>
<arg>${LOGIN_BUTTON}</arg>
<doc>Click the element identified by ``locator``.</doc>
<status status="PASS" start="2025-11-19T21:48:55.206099" elapsed="0.661463"/>
</kw>
<kw name="Wait Until Element Is Visible" owner="SeleniumLibrary">
<arg>${LOGIN_MODAL}</arg>
<arg>5s</arg>
<doc>Waits until the element ``locator`` is visible.</doc>
<status status="PASS" start="2025-11-19T21:48:55.868586" elapsed="0.560982"/>
</kw>
<kw name="Input Text" owner="SeleniumLibrary">
<msg time="2025-11-19T21:48:56.431567" level="INFO">Typing text 'madikensky4' into text field 'id=loginusername'.</msg>
<arg>${LOGIN_USERNAME_FIELD}</arg>
<arg>${username_field}</arg>
<doc>Types the given ``text`` into the text field identified by ``locator``.</doc>
<status status="PASS" start="2025-11-19T21:48:56.431567" elapsed="0.871704"/>
</kw>
<kw name="Input Text" owner="SeleniumLibrary">
<msg time="2025-11-19T21:48:57.305272" level="INFO">Typing text '123' into text field 'id=loginpassword'.</msg>
<arg>${LOGIN_PASSWORD_FIELD}</arg>
<arg>${password_field}</arg>
<doc>Types the given ``text`` into the text field identified by ``locator``.</doc>
<status status="PASS" start="2025-11-19T21:48:57.305272" elapsed="0.969184"/>
</kw>
<kw name="Click Element" owner="SeleniumLibrary">
<msg time="2025-11-19T21:48:58.276455" level="INFO">Clicking element 'xpath=//*[@id="logInModal"]/div/div/div[3]/button[2]'.</msg>
<arg>${LOGIN_SUBMIT_BUTTON}</arg>
<doc>Click the element identified by ``locator``.</doc>
<status status="PASS" start="2025-11-19T21:48:58.275453" elapsed="0.559433"/>
</kw>
<kw name="Sleep" owner="BuiltIn">
<msg time="2025-11-19T21:49:00.836722" level="INFO">Slept 2 seconds.</msg>
<arg>2s</arg>
<doc>Pauses the test executed for the given time.</doc>
<status status="PASS" start="2025-11-19T21:48:58.835887" elapsed="2.001851"/>
</kw>
<arg>${USERNAME}</arg>
<arg>${PASSWORD}</arg>
<status status="PASS" start="2025-11-19T21:48:55.205094" elapsed="5.633641"/>
</kw>
<kw name="Log Out" owner="keywords">
<kw name="Wait Until Element Is Visible" owner="SeleniumLibrary">
<arg>${LOGOUT_BUTTON}</arg>
<arg>10s</arg>
<doc>Waits until the element ``locator`` is visible.</doc>
<status status="PASS" start="2025-11-19T21:49:00.839739" elapsed="0.516289"/>
</kw>
<kw name="Click Element" owner="SeleniumLibrary">
<msg time="2025-11-19T21:49:01.358028" level="INFO">Clicking element 'id=logout2'.</msg>
<arg>${LOGOUT_BUTTON}</arg>
<doc>Click the element identified by ``locator``.</doc>
<status status="PASS" start="2025-11-19T21:49:01.358028" elapsed="1.267128"/>
</kw>
<kw name="Wait Until Element Is Visible" owner="SeleniumLibrary">
<arg>${SIGNUP_BUTTON}</arg>
<doc>Waits until the element ``locator`` is visible.</doc>
<status status="PASS" start="2025-11-19T21:49:02.626117" elapsed="0.515961"/>
</kw>
<kw name="Sleep" owner="BuiltIn">
<msg time="2025-11-19T21:49:05.144833" level="INFO">Slept 2 seconds.</msg>
<arg>2s</arg>
<doc>Pauses the test executed for the given time.</doc>
<status status="PASS" start="2025-11-19T21:49:03.143076" elapsed="2.001757"/>
</kw>
<status status="PASS" start="2025-11-19T21:49:00.838735" elapsed="4.307098"/>
</kw>
<kw name="Close Website" owner="keywords">
<kw name="Close Browser" owner="SeleniumLibrary">
<doc>Closes the current browser.</doc>
<status status="PASS" start="2025-11-19T21:49:05.147836" elapsed="0.000000"/>
</kw>
<status status="PASS" start="2025-11-19T21:49:05.146836" elapsed="0.001998"/>
</kw>
<status status="PASS" start="2025-11-19T21:48:42.087696" elapsed="23.062139"/>
</test>
<status status="PASS" start="2025-11-19T21:48:42.046695" elapsed="26.315231"/>
</suite>
<suite id="s1-s11" name="03 Logout Test OS X, Monterey, Safari, 15.6" source="C:\Users\Madiyar\Desktop\projects\testing\testing-assignment2\tests\03_logout_test.robot">
<test id="s1-s11-t1" name="Log Out Test" line="6">
<kw name="Open Website" owner="keywords">
<kw name="Open Browser" owner="SeleniumLibrary">
<msg time="2025-11-19T21:49:12.025124" level="INFO">Opening browser 'chrome' to base url 'https://www.demoblaze.com/'.</msg>
<msg time="2025-11-19T21:49:12.077031" level="INFO">Completed setup!</msg>
<arg>${URL}</arg>
<arg>${BROWSER}</arg>
<doc>Opens a new browser instance to the optional ``url``.</doc>
<status status="PASS" start="2025-11-19T21:49:12.024125" elapsed="17.230961"/>
</kw>
<kw name="Maximize Browser Window" owner="SeleniumLibrary">
<doc>Maximizes current browser window.</doc>
<status status="PASS" start="2025-11-19T21:49:29.257081" elapsed="0.255703"/>
</kw>
<status status="PASS" start="2025-11-19T21:49:12.022121" elapsed="17.491676"/>
</kw>
<kw name="Log In With Credentials" owner="keywords">
<kw name="Click Element" owner="SeleniumLibrary">
<msg time="2025-11-19T21:49:29.515798" level="INFO">Clicking element 'id=login2'.</msg>
<arg>${LOGIN_BUTTON}</arg>
<doc>Click the element identified by ``locator``.</doc>
<status status="PASS" start="2025-11-19T21:49:29.515798" elapsed="0.481737"/>
</kw>
<kw name="Wait Until Element Is Visible" owner="SeleniumLibrary">
<arg>${LOGIN_MODAL}</arg>
<arg>5s</arg>
<doc>Waits until the element ``locator`` is visible.</doc>
<status status="PASS" start="2025-11-19T21:49:29.998963" elapsed="0.472665"/>
</kw>
<kw name="Input Text" owner="SeleniumLibrary">
<msg time="2025-11-19T21:49:30.473638" level="INFO">Typing text 'madikensky4' into text field 'id=loginusername'.</msg>
<arg>${LOGIN_USERNAME_FIELD}</arg>
<arg>${username_field}</arg>
<doc>Types the given ``text`` into the text field identified by ``locator``.</doc>
<status status="PASS" start="2025-11-19T21:49:30.472628" elapsed="0.766362"/>
</kw>
<kw name="Input Text" owner="SeleniumLibrary">
<msg time="2025-11-19T21:49:31.239990" level="INFO">Typing text '123' into text field 'id=loginpassword'.</msg>
<arg>${LOGIN_PASSWORD_FIELD}</arg>
<arg>${password_field}</arg>
<doc>Types the given ``text`` into the text field identified by ``locator``.</doc>
<status status="PASS" start="2025-11-19T21:49:31.239990" elapsed="0.807094"/>
</kw>
<kw name="Click Element" owner="SeleniumLibrary">
<msg time="2025-11-19T21:49:32.048082" level="INFO">Clicking element 'xpath=//*[@id="logInModal"]/div/div/div[3]/button[2]'.</msg>
<arg>${LOGIN_SUBMIT_BUTTON}</arg>
<doc>Click the element identified by ``locator``.</doc>
<status status="PASS" start="2025-11-19T21:49:32.048082" elapsed="0.488181"/>
</kw>
<kw name="Sleep" owner="BuiltIn">
<msg time="2025-11-19T21:49:34.537566" level="INFO">Slept 2 seconds.</msg>
<arg>2s</arg>
<doc>Pauses the test executed for the given time.</doc>
<status status="PASS" start="2025-11-19T21:49:32.537269" elapsed="2.000297"/>
</kw>
<arg>${USERNAME}</arg>
<arg>${PASSWORD}</arg>
<status status="PASS" start="2025-11-19T21:49:29.514798" elapsed="5.024276"/>
</kw>
<kw name="Log Out" owner="keywords">
<kw name="Wait Until Element Is Visible" owner="SeleniumLibrary">
<arg>${LOGOUT_BUTTON}</arg>
<arg>10s</arg>
<doc>Waits until the element ``locator`` is visible.</doc>
<status status="PASS" start="2025-11-19T21:49:34.540072" elapsed="0.497669"/>
</kw>
<kw name="Click Element" owner="SeleniumLibrary">
<msg time="2025-11-19T21:49:35.039240" level="INFO">Clicking element 'id=logout2'.</msg>
<arg>${LOGOUT_BUTTON}</arg>
<doc>Click the element identified by ``locator``.</doc>
<status status="PASS" start="2025-11-19T21:49:35.038754" elapsed="0.609966"/>
</kw>
<kw name="Wait Until Element Is Visible" owner="SeleniumLibrary">
<msg time="2025-11-19T21:49:36.139899" level="INFO">Suppressing StaleElementReferenceException from Selenium.</msg>
<arg>${SIGNUP_BUTTON}</arg>
<doc>Waits until the element ``locator`` is visible.</doc>
<status status="PASS" start="2025-11-19T21:49:35.649729" elapsed="1.170256"/>
</kw>
<kw name="Sleep" owner="BuiltIn">
<msg time="2025-11-19T21:49:38.821476" level="INFO">Slept 2 seconds.</msg>
<arg>2s</arg>
<doc>Pauses the test executed for the given time.</doc>
<status status="PASS" start="2025-11-19T21:49:36.820981" elapsed="2.000495"/>
</kw>
<status status="PASS" start="2025-11-19T21:49:34.540072" elapsed="4.283403"/>
</kw>
<kw name="Close Website" owner="keywords">
<kw name="Close Browser" owner="SeleniumLibrary">
<doc>Closes the current browser.</doc>
<status status="PASS" start="2025-11-19T21:49:38.824473" elapsed="0.000000"/>
</kw>
<status status="PASS" start="2025-11-19T21:49:38.823475" elapsed="0.002000"/>
</kw>
<status status="PASS" start="2025-11-19T21:49:12.020121" elapsed="26.805354"/>
</test>
<status status="PASS" start="2025-11-19T21:49:11.977037" elapsed="29.899170"/>
</suite>
<suite id="s1-s12" name="03 Logout Test 15, iPhone 13, Chromium" source="C:\Users\Madiyar\Desktop\projects\testing\testing-assignment2\tests\03_logout_test.robot">
<test id="s1-s12-t1" name="Log Out Test" line="6">
<kw name="Open Website" owner="keywords">
<kw name="Open Browser" owner="SeleniumLibrary">
<msg time="2025-11-19T21:49:15.786560" level="INFO">Opening browser 'chrome' to base url 'https://www.demoblaze.com/'.</msg>
<msg time="2025-11-19T21:49:15.840663" level="INFO">Completed setup!</msg>
<arg>${URL}</arg>
<arg>${BROWSER}</arg>
<doc>Opens a new browser instance to the optional ``url``.</doc>
<status status="PASS" start="2025-11-19T21:49:15.785560" elapsed="30.222101"/>
</kw>
<kw name="Maximize Browser Window" owner="SeleniumLibrary">
<doc>Maximizes current browser window.</doc>
<status status="PASS" start="2025-11-19T21:49:46.009462" elapsed="0.152610"/>
</kw>
<status status="PASS" start="2025-11-19T21:49:15.784560" elapsed="30.378513"/>
</kw>
<kw name="Log In With Credentials" owner="keywords">
<kw name="Click Element" owner="SeleniumLibrary">
<msg time="2025-11-19T21:49:46.165073" level="INFO">Clicking element 'id=login2'.</msg>
<arg>${LOGIN_BUTTON}</arg>
<doc>Click the element identified by ``locator``.</doc>
<status status="PASS" start="2025-11-19T21:49:46.164073" elapsed="0.514257"/>
</kw>
<kw name="Wait Until Element Is Visible" owner="SeleniumLibrary">
<arg>${LOGIN_MODAL}</arg>
<arg>5s</arg>
<doc>Waits until the element ``locator`` is visible.</doc>
<status status="PASS" start="2025-11-19T21:49:46.679346" elapsed="0.594026"/>
</kw>
<kw name="Input Text" owner="SeleniumLibrary">
<msg time="2025-11-19T21:49:47.275372" level="INFO">Typing text 'madikensky4' into text field 'id=loginusername'.</msg>
<arg>${LOGIN_USERNAME_FIELD}</arg>
<arg>${username_field}</arg>
<doc>Types the given ``text`` into the text field identified by ``locator``.</doc>
<status status="PASS" start="2025-11-19T21:49:47.274372" elapsed="0.674123"/>
</kw>
<kw name="Input Text" owner="SeleniumLibrary">
<msg time="2025-11-19T21:49:47.949911" level="INFO">Typing text '123' into text field 'id=loginpassword'.</msg>
<arg>${LOGIN_PASSWORD_FIELD}</arg>
<arg>${password_field}</arg>
<doc>Types the given ``text`` into the text field identified by ``locator``.</doc>
<status status="PASS" start="2025-11-19T21:49:47.948912" elapsed="0.721580"/>
</kw>
<kw name="Click Element" owner="SeleniumLibrary">
<msg time="2025-11-19T21:49:48.671495" level="INFO">Clicking element 'xpath=//*[@id="logInModal"]/div/div/div[3]/button[2]'.</msg>
<arg>${LOGIN_SUBMIT_BUTTON}</arg>
<doc>Click the element identified by ``locator``.</doc>
<status status="PASS" start="2025-11-19T21:49:48.671495" elapsed="0.487070"/>
</kw>
<kw name="Sleep" owner="BuiltIn">
<msg time="2025-11-19T21:49:51.160704" level="INFO">Slept 2 seconds.</msg>
<arg>2s</arg>
<doc>Pauses the test executed for the given time.</doc>
<status status="PASS" start="2025-11-19T21:49:49.159570" elapsed="2.001134"/>
</kw>
<arg>${USERNAME}</arg>
<arg>${PASSWORD}</arg>
<status status="PASS" start="2025-11-19T21:49:46.164073" elapsed="4.998652"/>
</kw>
<kw name="Log Out" owner="keywords">
<kw name="Wait Until Element Is Visible" owner="SeleniumLibrary">
<arg>${LOGOUT_BUTTON}</arg>
<arg>10s</arg>
<doc>Waits until the element ``locator`` is visible.</doc>
<status status="PASS" start="2025-11-19T21:49:51.163725" elapsed="1.050227"/>
</kw>
<kw name="Click Element" owner="SeleniumLibrary">
<msg time="2025-11-19T21:49:52.214951" level="INFO">Clicking element 'id=logout2'.</msg>
<arg>${LOGOUT_BUTTON}</arg>
<doc>Click the element identified by ``locator``.</doc>
<status status="PASS" start="2025-11-19T21:49:52.214951" elapsed="0.479226"/>
</kw>
<kw name="Wait Until Element Is Visible" owner="SeleniumLibrary">
<arg>${SIGNUP_BUTTON}</arg>
<doc>Waits until the element ``locator`` is visible.</doc>
<status status="PASS" start="2025-11-19T21:49:52.696206" elapsed="0.936780"/>
</kw>
<kw name="Sleep" owner="BuiltIn">
<msg time="2025-11-19T21:49:55.635982" level="INFO">Slept 2 seconds.</msg>
<arg>2s</arg>
<doc>Pauses the test executed for the given time.</doc>
<status status="PASS" start="2025-11-19T21:49:53.633999" elapsed="2.001983"/>
</kw>
<status status="PASS" start="2025-11-19T21:49:51.162725" elapsed="4.474257"/>
</kw>
<kw name="Close Website" owner="keywords">
<kw name="Close Browser" owner="SeleniumLibrary">
<doc>Closes the current browser.</doc>
<status status="PASS" start="2025-11-19T21:49:55.639003" elapsed="0.000000"/>
</kw>
<status status="PASS" start="2025-11-19T21:49:55.637984" elapsed="0.002027"/>
</kw>
<status status="PASS" start="2025-11-19T21:49:15.782560" elapsed="39.857451"/>
</test>
<status status="PASS" start="2025-11-19T21:49:15.741519" elapsed="42.045155"/>
</suite>
<doc>[https://pabot.org/?ref=log|Pabot] result from 12 executions.</doc>
<status status="PASS" start="2025-11-19T21:46:47.414000" elapsed="190.372000"/>
</suite>
<statistics>
<total>
<stat pass="12" fail="0" skip="0">All Tests</stat>
</total>
<tag>
</tag>
<suite>
<stat name="Suites" id="s1" pass="12" fail="0" skip="0">Suites</stat>
<stat name="04 Buyproduct Test Windows, 10, Chrome, 120.0" id="s1-s1" pass="1" fail="0" skip="0">Suites.04 Buyproduct Test Windows, 10, Chrome, 120.0</stat>
<stat name="04 Buyproduct Test OS X, Monterey, Safari, 15.6" id="s1-s2" pass="1" fail="0" skip="0">Suites.04 Buyproduct Test OS X, Monterey, Safari, 15.6</stat>
<stat name="04 Buyproduct Test 15, iPhone 13, Chromium" id="s1-s3" pass="1" fail="0" skip="0">Suites.04 Buyproduct Test 15, iPhone 13, Chromium</stat>
<stat name="01 Signup Test Windows, 10, Chrome, 120.0" id="s1-s4" pass="1" fail="0" skip="0">Suites.01 Signup Test Windows, 10, Chrome, 120.0</stat>
<stat name="01 Signup Test OS X, Monterey, Safari, 15.6" id="s1-s5" pass="1" fail="0" skip="0">Suites.01 Signup Test OS X, Monterey, Safari, 15.6</stat>
<stat name="01 Signup Test 15, iPhone 13, Chromium" id="s1-s6" pass="1" fail="0" skip="0">Suites.01 Signup Test 15, iPhone 13, Chromium</stat>
<stat name="02 Login Test Windows, 10, Chrome, 120.0" id="s1-s7" pass="1" fail="0" skip="0">Suites.02 Login Test Windows, 10, Chrome, 120.0</stat>
<stat name="02 Login Test OS X, Monterey, Safari, 15.6" id="s1-s8" pass="1" fail="0" skip="0">Suites.02 Login Test OS X, Monterey, Safari, 15.6</stat>
<stat name="02 Login Test 15, iPhone 13, Chromium" id="s1-s9" pass="1" fail="0" skip="0">Suites.02 Login Test 15, iPhone 13, Chromium</stat>
<stat name="03 Logout Test Windows, 10, Chrome, 120.0" id="s1-s10" pass="1" fail="0" skip="0">Suites.03 Logout Test Windows, 10, Chrome, 120.0</stat>
<stat name="03 Logout Test OS X, Monterey, Safari, 15.6" id="s1-s11" pass="1" fail="0" skip="0">Suites.03 Logout Test OS X, Monterey, Safari, 15.6</stat>
<stat name="03 Logout Test 15, iPhone 13, Chromium" id="s1-s12" pass="1" fail="0" skip="0">Suites.03 Logout Test 15, iPhone 13, Chromium</stat>
</suite>
</statistics>
<errors>
</errors>
</robot>
