<robot generator="Robot 7.3.2 (Python 3.12.4 on win32)" generated="2025-11-19T21:49:15.725519" rpa="false" schemaversion="5">
<statistics>
<total>
<stat pass="1" fail="0" skip="0">All Tests</stat>
</total>
<tag>
</tag>
<suite>
<stat name="Tests" id="s1" pass="1" fail="0" skip="0">Tests</stat>
<stat name="03 Logout Test" id="s1-s1" pass="1" fail="0" skip="0">Tests.03 Logout Test</stat>
</suite>
</statistics>
<suite name="Suites" id="s0"><suite id="s1-s1" name="03 Logout Test 15, iPhone 13, Chromium" source="C:\Users\Madiyar\Desktop\projects\testing\testing-assignment2\tests\03_logout_test.robot">
<test id="s1-s1-t1" name="Log Out Test" line="6">
<kw name="Open Website" owner="keywords">
<kw name="Open Browser" owner="SeleniumLibrary">
<msg time="2025-11-19T21:49:15.786560" level="INFO">Opening browser 'chrome' to base url 'https://www.demoblaze.com/'.</msg>
<msg time="2025-11-19T21:49:15.840663" level="INFO">Completed setup!</msg>
<arg>${URL}</arg>
<arg>${BROWSER}</arg>
<doc>Opens a new browser instance to the optional ``url``.</doc>
<status status="PASS" start="2025-11-19T21:49:15.785560" elapsed="30.222101" />
</kw>
<kw name="Maximize Browser Window" owner="SeleniumLibrary">
<doc>Maximizes current browser window.</doc>
<status status="PASS" start="2025-11-19T21:49:46.009462" elapsed="0.152610" />
</kw>
<status status="PASS" start="2025-11-19T21:49:15.784560" elapsed="30.378513" />
</kw>
<kw name="Log In With Credentials" owner="keywords">
<kw name="Click Element" owner="SeleniumLibrary">
<msg time="2025-11-19T21:49:46.165073" level="INFO">Clicking element 'id=login2'.</msg>
<arg>${LOGIN_BUTTON}</arg>
<doc>Click the element identified by ``locator``.</doc>
<status status="PASS" start="2025-11-19T21:49:46.164073" elapsed="0.514257" />
</kw>
<kw name="Wait Until Element Is Visible" owner="SeleniumLibrary">
<arg>${LOGIN_MODAL}</arg>
<arg>5s</arg>
<doc>Waits until the element ``locator`` is visible.</doc>
<status status="PASS" start="2025-11-19T21:49:46.679346" elapsed="0.594026" />
</kw>
<kw name="Input Text" owner="SeleniumLibrary">
<msg time="2025-11-19T21:49:47.275372" level="INFO">Typing text 'madikensky4' into text field 'id=loginusername'.</msg>
<arg>${LOGIN_USERNAME_FIELD}</arg>
<arg>${username_field}</arg>
<doc>Types the given ``text`` into the text field identified by ``locator``.</doc>
<status status="PASS" start="2025-11-19T21:49:47.274372" elapsed="0.674123" />
</kw>
<kw name="Input Text" owner="SeleniumLibrary">
<msg time="2025-11-19T21:49:47.949911" level="INFO">Typing text '123' into text field 'id=loginpassword'.</msg>
<arg>${LOGIN_PASSWORD_FIELD}</arg>
<arg>${password_field}</arg>
<doc>Types the given ``text`` into the text field identified by ``locator``.</doc>
<status status="PASS" start="2025-11-19T21:49:47.948912" elapsed="0.721580" />
</kw>
<kw name="Click Element" owner="SeleniumLibrary">
<msg time="2025-11-19T21:49:48.671495" level="INFO">Clicking element 'xpath=//*[@id="logInModal"]/div/div/div[3]/button[2]'.</msg>
<arg>${LOGIN_SUBMIT_BUTTON}</arg>
<doc>Click the element identified by ``locator``.</doc>
<status status="PASS" start="2025-11-19T21:49:48.671495" elapsed="0.487070" />
</kw>
<kw name="Sleep" owner="BuiltIn">
<msg time="2025-11-19T21:49:51.160704" level="INFO">Slept 2 seconds.</msg>
<arg>2s</arg>
<doc>Pauses the test executed for the given time.</doc>
<status status="PASS" start="2025-11-19T21:49:49.159570" elapsed="2.001134" />
</kw>
<arg>${USERNAME}</arg>
<arg>${PASSWORD}</arg>
<status status="PASS" start="2025-11-19T21:49:46.164073" elapsed="4.998652" />
</kw>
<kw name="Log Out" owner="keywords">
<kw name="Wait Until Element Is Visible" owner="SeleniumLibrary">
<arg>${LOGOUT_BUTTON}</arg>
<arg>10s</arg>
<doc>Waits until the element ``locator`` is visible.</doc>
<status status="PASS" start="2025-11-19T21:49:51.163725" elapsed="1.050227" />
</kw>
<kw name="Click Element" owner="SeleniumLibrary">
<msg time="2025-11-19T21:49:52.214951" level="INFO">Clicking element 'id=logout2'.</msg>
<arg>${LOGOUT_BUTTON}</arg>
<doc>Click the element identified by ``locator``.</doc>
<status status="PASS" start="2025-11-19T21:49:52.214951" elapsed="0.479226" />
</kw>
<kw name="Wait Until Element Is Visible" owner="SeleniumLibrary">
<arg>${SIGNUP_BUTTON}</arg>
<doc>Waits until the element ``locator`` is visible.</doc>
<status status="PASS" start="2025-11-19T21:49:52.696206" elapsed="0.936780" />
</kw>
<kw name="Sleep" owner="BuiltIn">
<msg time="2025-11-19T21:49:55.635982" level="INFO">Slept 2 seconds.</msg>
<arg>2s</arg>
<doc>Pauses the test executed for the given time.</doc>
<status status="PASS" start="2025-11-19T21:49:53.633999" elapsed="2.001983" />
</kw>
<status status="PASS" start="2025-11-19T21:49:51.162725" elapsed="4.474257" />
</kw>
<kw name="Close Website" owner="keywords">
<kw name="Close Browser" owner="SeleniumLibrary">
<doc>Closes the current browser.</doc>
<status status="PASS" start="2025-11-19T21:49:55.639003" elapsed="0.000000" />
</kw>
<status status="PASS" start="2025-11-19T21:49:55.637984" elapsed="0.002027" />
</kw>
<status status="PASS" start="2025-11-19T21:49:15.782560" elapsed="39.857451" />
</test>
<status status="PASS" start="2025-11-19T21:49:15.741519" elapsed="42.045155" />
</suite>
<status status="PASS" start="2025-11-19T21:49:15.741519" elapsed="42.045155" />
</suite><errors>
</errors>
</robot>