<?xml version="1.0" encoding="UTF-8"?>
<robot generator="Robot 7.3.2 (Python 3.12.4 on win32)" generated="2025-10-21T15:47:48.001643" rpa="false" schemaversion="5">
<suite id="s1" name="Logout Test" source="C:\Users\Madiyar\Desktop\projects\testing\testing-assignment2\tests\logout_test.robot">
<test id="s1-t1" name="Log Out Test" line="6">
<kw name="Open Website" owner="keywords">
<kw name="Open Browser" owner="SeleniumLibrary">
<msg time="2025-10-21T15:47:48.226643" level="INFO">Opening browser 'chrome' to base url 'https://www.demoblaze.com/'.</msg>
<arg>${URL}</arg>
<arg>${BROWSER}</arg>
<doc>Opens a new browser instance to the optional ``url``.</doc>
<status status="PASS" start="2025-10-21T15:47:48.225643" elapsed="2.275645"/>
</kw>
<kw name="Maximize Browser Window" owner="SeleniumLibrary">
<doc>Maximizes current browser window.</doc>
<status status="PASS" start="2025-10-21T15:47:50.501288" elapsed="0.029122"/>
</kw>
<status status="PASS" start="2025-10-21T15:47:48.225643" elapsed="2.304767"/>
</kw>
<kw name="Log In With Credentials" owner="keywords">
<kw name="Click Element" owner="SeleniumLibrary">
<msg time="2025-10-21T15:47:50.531390" level="INFO">Clicking element 'id=login2'.</msg>
<arg>${LOGIN_BUTTON}</arg>
<doc>Click the element identified by ``locator``.</doc>
<status status="PASS" start="2025-10-21T15:47:50.531390" elapsed="0.060922"/>
</kw>
<kw name="Wait Until Element Is Visible" owner="SeleniumLibrary">
<arg>${LOGIN_MODAL}</arg>
<arg>5s</arg>
<doc>Waits until the element ``locator`` is visible.</doc>
<status status="PASS" start="2025-10-21T15:47:50.592312" elapsed="0.225522"/>
</kw>
<kw name="Input Text" owner="SeleniumLibrary">
<msg time="2025-10-21T15:47:50.818836" level="INFO">Typing text 'madikensky' into text field 'id=loginusername'.</msg>
<arg>${LOGIN_USERNAME_FIELD}</arg>
<arg>${username}</arg>
<doc>Types the given ``text`` into the text field identified by ``locator``.</doc>
<status status="PASS" start="2025-10-21T15:47:50.818836" elapsed="0.072994"/>
</kw>
<kw name="Input Text" owner="SeleniumLibrary">
<msg time="2025-10-21T15:47:50.892830" level="INFO">Typing text '123' into text field 'id=loginpassword'.</msg>
<arg>${LOGIN_PASSWORD_FIELD}</arg>
<arg>${password}</arg>
<doc>Types the given ``text`` into the text field identified by ``locator``.</doc>
<status status="PASS" start="2025-10-21T15:47:50.891830" elapsed="0.064331"/>
</kw>
<kw name="Click Element" owner="SeleniumLibrary">
<msg time="2025-10-21T15:47:50.957158" level="INFO">Clicking element 'xpath=//*[@id="logInModal"]/div/div/div[3]/button[2]'.</msg>
<arg>${LOGIN_SUBMIT_BUTTON}</arg>
<doc>Click the element identified by ``locator``.</doc>
<status status="PASS" start="2025-10-21T15:47:50.957158" elapsed="0.056556"/>
</kw>
<kw name="Sleep" owner="BuiltIn">
<msg time="2025-10-21T15:47:53.013833" level="INFO">Slept 2 seconds.</msg>
<arg>2s</arg>
<doc>Pauses the test executed for the given time.</doc>
<status status="PASS" start="2025-10-21T15:47:51.013714" elapsed="2.000119"/>
</kw>
<arg>${USERNAME}</arg>
<arg>${PASSWORD}</arg>
<status status="PASS" start="2025-10-21T15:47:50.531390" elapsed="2.482443"/>
</kw>
<kw name="Log Out" owner="keywords">
<kw name="Click Element" owner="SeleniumLibrary">
<msg time="2025-10-21T15:47:53.014875" level="INFO">Clicking element 'id=logout2'.</msg>
<arg>${LOGOUT_BUTTON}</arg>
<doc>Click the element identified by ``locator``.</doc>
<status status="PASS" start="2025-10-21T15:47:53.014875" elapsed="0.318766"/>
</kw>
<kw name="Wait Until Element Is Visible" owner="SeleniumLibrary">
<arg>${SIGNUP_BUTTON}</arg>
<doc>Waits until the element ``locator`` is visible.</doc>
<status status="PASS" start="2025-10-21T15:47:53.334639" elapsed="0.026763"/>
</kw>
<kw name="Sleep" owner="BuiltIn">
<msg time="2025-10-21T15:47:55.361781" level="INFO">Slept 2 seconds.</msg>
<arg>2s</arg>
<doc>Pauses the test executed for the given time.</doc>
<status status="PASS" start="2025-10-21T15:47:53.361402" elapsed="2.000379"/>
</kw>
<status status="PASS" start="2025-10-21T15:47:53.013833" elapsed="2.347948"/>
</kw>
<kw name="Close Website" owner="keywords">
<kw name="Close Browser" owner="SeleniumLibrary">
<doc>Closes the current browser.</doc>
<status status="PASS" start="2025-10-21T15:47:55.361781" elapsed="2.186607"/>
</kw>
<status status="PASS" start="2025-10-21T15:47:55.361781" elapsed="2.186607"/>
</kw>
<status status="PASS" start="2025-10-21T15:47:48.224643" elapsed="9.323745"/>
</test>
<status status="PASS" start="2025-10-21T15:47:48.002642" elapsed="9.546759"/>
</suite>
<statistics>
<total>
<stat pass="1" fail="0" skip="0">All Tests</stat>
</total>
<tag>
</tag>
<suite>
<stat name="Logout Test" id="s1" pass="1" fail="0" skip="0">Logout Test</stat>
</suite>
</statistics>
<errors>
</errors>
</robot>
