<?xml version="1.0" encoding="UTF-8"?>
<robot generator="Robot 7.3.2 (Python 3.12.4 on win32)" generated="2025-10-21T15:18:16.031497" rpa="false" schemaversion="5">
<suite id="s1" name="Signup Test" source="C:\Users\Madiyar\Desktop\projects\testing\testing-assignment2\tests\signup_test.robot">
<test id="s1-t1" name="Sign Up Test" line="6">
<kw name="Open Website" owner="keywords">
<kw name="Open Browser" owner="SeleniumLibrary">
<msg time="2025-10-21T15:18:16.264497" level="INFO">Opening browser 'chrome' to base url 'https://www.demoblaze.com/'.</msg>
<arg>${URL}</arg>
<arg>${BROWSER}</arg>
<doc>Opens a new browser instance to the optional ``url``.</doc>
<status status="PASS" start="2025-10-21T15:18:16.264497" elapsed="10.724999"/>
</kw>
<kw name="Maximize Browser Window" owner="SeleniumLibrary">
<doc>Maximizes current browser window.</doc>
<status status="PASS" start="2025-10-21T15:18:26.989496" elapsed="0.027984"/>
</kw>
<status status="PASS" start="2025-10-21T15:18:16.263499" elapsed="10.754982"/>
</kw>
<kw name="Sign Up With Credentials" owner="keywords">
<kw name="Click Element" owner="SeleniumLibrary">
<msg time="2025-10-21T15:18:27.019481" level="INFO">Clicking element 'xpath=//*[@id="signin2"]'.</msg>
<arg>${SIGNUP_BUTTON}</arg>
<doc>Click the element identified by ``locator``.</doc>
<status status="PASS" start="2025-10-21T15:18:27.019481" elapsed="0.058170"/>
</kw>
<kw name="Wait Until Element Is Visible" owner="SeleniumLibrary">
<arg>${SIGNUP_MODAL}</arg>
<arg>5s</arg>
<doc>Waits until the element ``locator`` is visible.</doc>
<status status="PASS" start="2025-10-21T15:18:27.077651" elapsed="0.226456"/>
</kw>
<kw name="Input Text" owner="SeleniumLibrary">
<msg time="2025-10-21T15:18:27.304107" level="INFO">Typing text 'user1' into text field 'id=sign-username'.</msg>
<arg>${SIGNUP_USERNAME_FIELD}</arg>
<arg>${username}</arg>
<doc>Types the given ``text`` into the text field identified by ``locator``.</doc>
<status status="PASS" start="2025-10-21T15:18:27.304107" elapsed="0.065099"/>
</kw>
<kw name="Input Text" owner="SeleniumLibrary">
<msg time="2025-10-21T15:18:27.370207" level="INFO">Typing text '123456' into text field 'id=sign-password'.</msg>
<arg>${SIGNUP_PASSWORD_FIELD}</arg>
<arg>${password}</arg>
<doc>Types the given ``text`` into the text field identified by ``locator``.</doc>
<status status="PASS" start="2025-10-21T15:18:27.369206" elapsed="0.060571"/>
</kw>
<kw name="Click Element" owner="SeleniumLibrary">
<msg time="2025-10-21T15:18:27.430780" level="INFO">Clicking element 'xpath=//*[@id="signInModal"]/div/div/div[3]/button[2]'.</msg>
<arg>${SIGNUP_SUBMIT_BUTTON}</arg>
<doc>Click the element identified by ``locator``.</doc>
<status status="PASS" start="2025-10-21T15:18:27.429777" elapsed="0.048565"/>
</kw>
<kw name="Sleep" owner="BuiltIn">
<msg time="2025-10-21T15:18:29.478766" level="INFO">Slept 2 seconds.</msg>
<arg>2s</arg>
<doc>Pauses the test executed for the given time.</doc>
<status status="PASS" start="2025-10-21T15:18:27.478342" elapsed="2.000424"/>
</kw>
<arg>${USERNAME}</arg>
<arg>${PASSWORD}</arg>
<status status="PASS" start="2025-10-21T15:18:27.018481" elapsed="2.460285"/>
</kw>
<kw name="Close Website" owner="keywords">
<kw name="Close Browser" owner="SeleniumLibrary">
<doc>Closes the current browser.</doc>
<status status="PASS" start="2025-10-21T15:18:29.478766" elapsed="2.165981"/>
</kw>
<status status="PASS" start="2025-10-21T15:18:29.478766" elapsed="2.165981"/>
</kw>
<status status="PASS" start="2025-10-21T15:18:16.263499" elapsed="15.382249"/>
</test>
<status status="PASS" start="2025-10-21T15:18:16.032496" elapsed="15.613845"/>
</suite>
<statistics>
<total>
<stat pass="1" fail="0" skip="0">All Tests</stat>
</total>
<tag>
</tag>
<suite>
<stat name="Signup Test" id="s1" pass="1" fail="0" skip="0">Signup Test</stat>
</suite>
</statistics>
<errors>
</errors>
</robot>
