<robot generator="Robot 7.3.2 (Python 3.12.4 on win32)" generated="2025-11-19T21:47:44.790168" rpa="false" schemaversion="5">
<statistics>
<total>
<stat pass="1" fail="0" skip="0">All Tests</stat>
</total>
<tag>
</tag>
<suite>
<stat name="Tests" id="s1" pass="1" fail="0" skip="0">Tests</stat>
<stat name="01 Signup Test" id="s1-s1" pass="1" fail="0" skip="0">Tests.01 Signup Test</stat>
</suite>
</statistics>
<suite name="Suites" id="s0"><suite id="s1-s1" name="01 Signup Test OS X, Monterey, Safari, 15.6" source="C:\Users\Madiyar\Desktop\projects\testing\testing-assignment2\tests\01_signup_test.robot">
<test id="s1-s1-t1" name="Sign Up Test" line="6">
<kw name="Open Website" owner="keywords">
<kw name="Open Browser" owner="SeleniumLibrary">
<msg time="2025-11-19T21:47:44.854180" level="INFO">Opening browser 'chrome' to base url 'https://www.demoblaze.com/'.</msg>
<msg time="2025-11-19T21:47:44.909987" level="INFO">Completed setup!</msg>
<arg>${URL}</arg>
<arg>${BROWSER}</arg>
<doc>Opens a new browser instance to the optional ``url``.</doc>
<status status="PASS" start="2025-11-19T21:47:44.853181" elapsed="32.142491" />
</kw>
<kw name="Maximize Browser Window" owner="SeleniumLibrary">
<doc>Maximizes current browser window.</doc>
<status status="PASS" start="2025-11-19T21:48:16.997671" elapsed="0.438000" />
</kw>
<status status="PASS" start="2025-11-19T21:47:44.851178" elapsed="32.585494" />
</kw>
<kw name="Sign Up With Credentials" owner="keywords">
<kw name="Click Element" owner="SeleniumLibrary">
<msg time="2025-11-19T21:48:17.438674" level="INFO">Clicking element 'xpath=//*[@id="signin2"]'.</msg>
<arg>${SIGNUP_BUTTON}</arg>
<doc>Click the element identified by ``locator``.</doc>
<status status="PASS" start="2025-11-19T21:48:17.437672" elapsed="0.955111" />
</kw>
<kw name="Wait Until Element Is Visible" owner="SeleniumLibrary">
<arg>${SIGNUP_MODAL}</arg>
<arg>5s</arg>
<doc>Waits until the element ``locator`` is visible.</doc>
<status status="PASS" start="2025-11-19T21:48:18.394783" elapsed="0.925645" />
</kw>
<kw name="Input Text" owner="SeleniumLibrary">
<msg time="2025-11-19T21:48:19.322430" level="INFO">Typing text 'madikensky4' into text field 'id=sign-username'.</msg>
<arg>${SIGNUP_USERNAME_FIELD}</arg>
<arg>${username_field}</arg>
<doc>Types the given ``text`` into the text field identified by ``locator``.</doc>
<status status="PASS" start="2025-11-19T21:48:19.321427" elapsed="1.123286" />
</kw>
<kw name="Input Text" owner="SeleniumLibrary">
<msg time="2025-11-19T21:48:20.446716" level="INFO">Typing text '123' into text field 'id=sign-password'.</msg>
<arg>${SIGNUP_PASSWORD_FIELD}</arg>
<arg>${password_field}</arg>
<doc>Types the given ``text`` into the text field identified by ``locator``.</doc>
<status status="PASS" start="2025-11-19T21:48:20.445715" elapsed="1.253164" />
</kw>
<kw name="Click Element" owner="SeleniumLibrary">
<msg time="2025-11-19T21:48:21.700881" level="INFO">Clicking element 'xpath=//*[@id="signInModal"]/div/div/div[3]/button[2]'.</msg>
<arg>${SIGNUP_SUBMIT_BUTTON}</arg>
<doc>Click the element identified by ``locator``.</doc>
<status status="PASS" start="2025-11-19T21:48:21.699881" elapsed="0.864825" />
</kw>
<kw name="Sleep" owner="BuiltIn">
<msg time="2025-11-19T21:48:24.565773" level="INFO">Slept 2 seconds.</msg>
<arg>2s</arg>
<doc>Pauses the test executed for the given time.</doc>
<status status="PASS" start="2025-11-19T21:48:22.565706" elapsed="2.001067" />
</kw>
<arg>${USERNAME}</arg>
<arg>${PASSWORD}</arg>
<status status="PASS" start="2025-11-19T21:48:17.436672" elapsed="7.131101" />
</kw>
<kw name="Close Website" owner="keywords">
<kw name="Close Browser" owner="SeleniumLibrary">
<doc>Closes the current browser.</doc>
<status status="PASS" start="2025-11-19T21:48:24.569775" elapsed="0.000000" />
</kw>
<status status="PASS" start="2025-11-19T21:48:24.568776" elapsed="0.001996" />
</kw>
<status status="PASS" start="2025-11-19T21:47:44.849185" elapsed="39.722588" />
</test>
<status status="PASS" start="2025-11-19T21:47:44.807166" elapsed="43.079554" />
</suite>
<status status="PASS" start="2025-11-19T21:47:44.807166" elapsed="43.079554" />
</suite><errors>
</errors>
</robot>