<robot generator="Robot 7.3.2 (Python 3.12.4 on win32)" generated="2025-11-19T21:47:58.621818" rpa="false" schemaversion="5">
<statistics>
<total>
<stat pass="1" fail="0" skip="0">All Tests</stat>
</total>
<tag>
</tag>
<suite>
<stat name="Tests" id="s1" pass="1" fail="0" skip="0">Tests</stat>
<stat name="01 Signup Test" id="s1-s1" pass="1" fail="0" skip="0">Tests.01 Signup Test</stat>
</suite>
</statistics>
<suite name="Suites" id="s0"><suite id="s1-s1" name="01 Signup Test 15, iPhone 13, Chromium" source="C:\Users\Madiyar\Desktop\projects\testing\testing-assignment2\tests\01_signup_test.robot">
<test id="s1-s1-t1" name="Sign Up Test" line="6">
<kw name="Open Website" owner="keywords">
<kw name="Open Browser" owner="SeleniumLibrary">
<msg time="2025-11-19T21:47:58.716337" level="INFO">Opening browser 'chrome' to base url 'https://www.demoblaze.com/'.</msg>
<msg time="2025-11-19T21:47:58.780338" level="INFO">Completed setup!</msg>
<arg>${URL}</arg>
<arg>${BROWSER}</arg>
<doc>Opens a new browser instance to the optional ``url``.</doc>
<status status="PASS" start="2025-11-19T21:47:58.716337" elapsed="26.173435" />
</kw>
<kw name="Maximize Browser Window" owner="SeleniumLibrary">
<doc>Maximizes current browser window.</doc>
<status status="PASS" start="2025-11-19T21:48:24.891774" elapsed="0.163998" />
</kw>
<status status="PASS" start="2025-11-19T21:47:58.715337" elapsed="26.342436" />
</kw>
<kw name="Sign Up With Credentials" owner="keywords">
<kw name="Click Element" owner="SeleniumLibrary">
<msg time="2025-11-19T21:48:25.059776" level="INFO">Clicking element 'xpath=//*[@id="signin2"]'.</msg>
<arg>${SIGNUP_BUTTON}</arg>
<doc>Click the element identified by ``locator``.</doc>
<status status="PASS" start="2025-11-19T21:48:25.058774" elapsed="0.544778" />
</kw>
<kw name="Wait Until Element Is Visible" owner="SeleniumLibrary">
<arg>${SIGNUP_MODAL}</arg>
<arg>5s</arg>
<doc>Waits until the element ``locator`` is visible.</doc>
<status status="PASS" start="2025-11-19T21:48:25.604490" elapsed="0.347228" />
</kw>
<kw name="Input Text" owner="SeleniumLibrary">
<msg time="2025-11-19T21:48:25.953719" level="INFO">Typing text 'madikensky4' into text field 'id=sign-username'.</msg>
<arg>${SIGNUP_USERNAME_FIELD}</arg>
<arg>${username_field}</arg>
<doc>Types the given ``text`` into the text field identified by ``locator``.</doc>
<status status="PASS" start="2025-11-19T21:48:25.953719" elapsed="0.613676" />
</kw>
<kw name="Input Text" owner="SeleniumLibrary">
<msg time="2025-11-19T21:48:26.568395" level="INFO">Typing text '123' into text field 'id=sign-password'.</msg>
<arg>${SIGNUP_PASSWORD_FIELD}</arg>
<arg>${password_field}</arg>
<doc>Types the given ``text`` into the text field identified by ``locator``.</doc>
<status status="PASS" start="2025-11-19T21:48:26.568395" elapsed="0.522339" />
</kw>
<kw name="Click Element" owner="SeleniumLibrary">
<msg time="2025-11-19T21:48:27.092734" level="INFO">Clicking element 'xpath=//*[@id="signInModal"]/div/div/div[3]/button[2]'.</msg>
<arg>${SIGNUP_SUBMIT_BUTTON}</arg>
<doc>Click the element identified by ``locator``.</doc>
<status status="PASS" start="2025-11-19T21:48:27.091733" elapsed="0.403727" />
</kw>
<kw name="Sleep" owner="BuiltIn">
<msg time="2025-11-19T21:48:29.498259" level="INFO">Slept 2 seconds.</msg>
<arg>2s</arg>
<doc>Pauses the test executed for the given time.</doc>
<status status="PASS" start="2025-11-19T21:48:27.496459" elapsed="2.001800" />
</kw>
<arg>${USERNAME}</arg>
<arg>${PASSWORD}</arg>
<status status="PASS" start="2025-11-19T21:48:25.057773" elapsed="4.441489" />
</kw>
<kw name="Close Website" owner="keywords">
<kw name="Close Browser" owner="SeleniumLibrary">
<doc>Closes the current browser.</doc>
<status status="PASS" start="2025-11-19T21:48:29.501263" elapsed="0.000000" />
</kw>
<status status="PASS" start="2025-11-19T21:48:29.500260" elapsed="0.002002" />
</kw>
<status status="PASS" start="2025-11-19T21:47:58.713338" elapsed="30.788924" />
</test>
<status status="PASS" start="2025-11-19T21:47:58.638821" elapsed="33.224248" />
</suite>
<status status="PASS" start="2025-11-19T21:47:58.638821" elapsed="33.224248" />
</suite><errors>
</errors>
</robot>