<robot generator="Robot 7.3.2 (Python 3.12.4 on win32)" generated="2025-11-19T21:48:38.294779" rpa="false" schemaversion="5">
<statistics>
<total>
<stat pass="1" fail="0" skip="0">All Tests</stat>
</total>
<tag>
</tag>
<suite>
<stat name="Tests" id="s1" pass="1" fail="0" skip="0">Tests</stat>
<stat name="02 Login Test" id="s1-s1" pass="1" fail="0" skip="0">Tests.02 Login Test</stat>
</suite>
</statistics>
<suite name="Suites" id="s0"><suite id="s1-s1" name="02 Login Test 15, iPhone 13, Chromium" source="C:\Users\Madiyar\Desktop\projects\testing\testing-assignment2\tests\02_login_test.robot">
<test id="s1-s1-t1" name="Log In Test" line="6">
<kw name="Open Website" owner="keywords">
<kw name="Open Browser" owner="SeleniumLibrary">
<msg time="2025-11-19T21:48:38.367777" level="INFO">Opening browser 'chrome' to base url 'https://www.demoblaze.com/'.</msg>
<msg time="2025-11-19T21:48:38.426617" level="INFO">Completed setup!</msg>
<arg>${URL}</arg>
<arg>${BROWSER}</arg>
<doc>Opens a new browser instance to the optional ``url``.</doc>
<status status="PASS" start="2025-11-19T21:48:38.366777" elapsed="30.830265" />
</kw>
<kw name="Maximize Browser Window" owner="SeleniumLibrary">
<doc>Maximizes current browser window.</doc>
<status status="PASS" start="2025-11-19T21:49:09.199046" elapsed="0.247703" />
</kw>
<status status="PASS" start="2025-11-19T21:48:38.365780" elapsed="31.081968" />
</kw>
<kw name="Log In With Credentials" owner="keywords">
<kw name="Click Element" owner="SeleniumLibrary">
<msg time="2025-11-19T21:49:09.451750" level="INFO">Clicking element 'id=login2'.</msg>
<arg>${LOGIN_BUTTON}</arg>
<doc>Click the element identified by ``locator``.</doc>
<status status="PASS" start="2025-11-19T21:49:09.450749" elapsed="0.653688" />
</kw>
<kw name="Wait Until Element Is Visible" owner="SeleniumLibrary">
<arg>${LOGIN_MODAL}</arg>
<arg>5s</arg>
<doc>Waits until the element ``locator`` is visible.</doc>
<status status="PASS" start="2025-11-19T21:49:10.105436" elapsed="0.622081" />
</kw>
<kw name="Input Text" owner="SeleniumLibrary">
<msg time="2025-11-19T21:49:10.728487" level="INFO">Typing text 'madikensky4' into text field 'id=loginusername'.</msg>
<arg>${LOGIN_USERNAME_FIELD}</arg>
<arg>${username_field}</arg>
<doc>Types the given ``text`` into the text field identified by ``locator``.</doc>
<status status="PASS" start="2025-11-19T21:49:10.728487" elapsed="0.940767" />
</kw>
<kw name="Input Text" owner="SeleniumLibrary">
<msg time="2025-11-19T21:49:11.671251" level="INFO">Typing text '123' into text field 'id=loginpassword'.</msg>
<arg>${LOGIN_PASSWORD_FIELD}</arg>
<arg>${password_field}</arg>
<doc>Types the given ``text`` into the text field identified by ``locator``.</doc>
<status status="PASS" start="2025-11-19T21:49:11.670253" elapsed="1.245185" />
</kw>
<kw name="Click Element" owner="SeleniumLibrary">
<msg time="2025-11-19T21:49:12.916440" level="INFO">Clicking element 'xpath=//*[@id="logInModal"]/div/div/div[3]/button[2]'.</msg>
<arg>${LOGIN_SUBMIT_BUTTON}</arg>
<doc>Click the element identified by ``locator``.</doc>
<status status="PASS" start="2025-11-19T21:49:12.916440" elapsed="0.874012" />
</kw>
<kw name="Sleep" owner="BuiltIn">
<msg time="2025-11-19T21:49:15.792600" level="INFO">Slept 2 seconds.</msg>
<arg>2s</arg>
<doc>Pauses the test executed for the given time.</doc>
<status status="PASS" start="2025-11-19T21:49:13.791462" elapsed="2.001138" />
</kw>
<arg>${USERNAME}</arg>
<arg>${PASSWORD}</arg>
<status status="PASS" start="2025-11-19T21:49:09.449747" elapsed="6.344856" />
</kw>
<kw name="Close Website" owner="keywords">
<kw name="Close Browser" owner="SeleniumLibrary">
<doc>Closes the current browser.</doc>
<status status="PASS" start="2025-11-19T21:49:15.795602" elapsed="0.000000" />
</kw>
<status status="PASS" start="2025-11-19T21:49:15.794603" elapsed="0.001999" />
</kw>
<status status="PASS" start="2025-11-19T21:48:38.363776" elapsed="37.433824" />
</test>
<status status="PASS" start="2025-11-19T21:48:38.313777" elapsed="41.379863" />
</suite>
<status status="PASS" start="2025-11-19T21:48:38.313777" elapsed="41.379863" />
</suite><errors>
</errors>
</robot>