<robot generator="Robot 7.3.2 (Python 3.12.4 on win32)" generated="2025-11-19T21:48:36.325986" rpa="false" schemaversion="5">
<statistics>
<total>
<stat pass="1" fail="0" skip="0">All Tests</stat>
</total>
<tag>
</tag>
<suite>
<stat name="Tests" id="s1" pass="1" fail="0" skip="0">Tests</stat>
<stat name="02 Login Test" id="s1-s1" pass="1" fail="0" skip="0">Tests.02 Login Test</stat>
</suite>
</statistics>
<suite name="Suites" id="s0"><suite id="s1-s1" name="02 Login Test OS X, Monterey, Safari, 15.6" source="C:\Users\Madiyar\Desktop\projects\testing\testing-assignment2\tests\02_login_test.robot">
<test id="s1-s1-t1" name="Log In Test" line="6">
<kw name="Open Website" owner="keywords">
<kw name="Open Browser" owner="SeleniumLibrary">
<msg time="2025-11-19T21:48:36.386025" level="INFO">Opening browser 'chrome' to base url 'https://www.demoblaze.com/'.</msg>
<msg time="2025-11-19T21:48:36.440804" level="INFO">Completed setup!</msg>
<arg>${URL}</arg>
<arg>${BROWSER}</arg>
<doc>Opens a new browser instance to the optional ``url``.</doc>
<status status="PASS" start="2025-11-19T21:48:36.385027" elapsed="20.440823" />
</kw>
<kw name="Maximize Browser Window" owner="SeleniumLibrary">
<doc>Maximizes current browser window.</doc>
<status status="PASS" start="2025-11-19T21:48:56.826851" elapsed="0.258125" />
</kw>
<status status="PASS" start="2025-11-19T21:48:36.384025" elapsed="20.702951" />
</kw>
<kw name="Log In With Credentials" owner="keywords">
<kw name="Click Element" owner="SeleniumLibrary">
<msg time="2025-11-19T21:48:57.088977" level="INFO">Clicking element 'id=login2'.</msg>
<arg>${LOGIN_BUTTON}</arg>
<doc>Click the element identified by ``locator``.</doc>
<status status="PASS" start="2025-11-19T21:48:57.087977" elapsed="0.493459" />
</kw>
<kw name="Wait Until Element Is Visible" owner="SeleniumLibrary">
<arg>${LOGIN_MODAL}</arg>
<arg>5s</arg>
<doc>Waits until the element ``locator`` is visible.</doc>
<status status="PASS" start="2025-11-19T21:48:57.583438" elapsed="0.486584" />
</kw>
<kw name="Input Text" owner="SeleniumLibrary">
<msg time="2025-11-19T21:48:58.071020" level="INFO">Typing text 'madikensky4' into text field 'id=loginusername'.</msg>
<arg>${LOGIN_USERNAME_FIELD}</arg>
<arg>${username_field}</arg>
<doc>Types the given ``text`` into the text field identified by ``locator``.</doc>
<status status="PASS" start="2025-11-19T21:48:58.071020" elapsed="0.777447" />
</kw>
<kw name="Input Text" owner="SeleniumLibrary">
<msg time="2025-11-19T21:48:58.850457" level="INFO">Typing text '123' into text field 'id=loginpassword'.</msg>
<arg>${LOGIN_PASSWORD_FIELD}</arg>
<arg>${password_field}</arg>
<doc>Types the given ``text`` into the text field identified by ``locator``.</doc>
<status status="PASS" start="2025-11-19T21:48:58.849458" elapsed="0.812803" />
</kw>
<kw name="Click Element" owner="SeleniumLibrary">
<msg time="2025-11-19T21:48:59.664255" level="INFO">Clicking element 'xpath=//*[@id="logInModal"]/div/div/div[3]/button[2]'.</msg>
<arg>${LOGIN_SUBMIT_BUTTON}</arg>
<doc>Click the element identified by ``locator``.</doc>
<status status="PASS" start="2025-11-19T21:48:59.663253" elapsed="0.508329" />
</kw>
<kw name="Sleep" owner="BuiltIn">
<msg time="2025-11-19T21:49:02.174132" level="INFO">Slept 2 seconds.</msg>
<arg>2s</arg>
<doc>Pauses the test executed for the given time.</doc>
<status status="PASS" start="2025-11-19T21:49:00.172585" elapsed="2.001547" />
</kw>
<arg>${USERNAME}</arg>
<arg>${PASSWORD}</arg>
<status status="PASS" start="2025-11-19T21:48:57.086976" elapsed="5.088155" />
</kw>
<kw name="Close Website" owner="keywords">
<kw name="Close Browser" owner="SeleniumLibrary">
<doc>Closes the current browser.</doc>
<status status="PASS" start="2025-11-19T21:49:02.176135" elapsed="0.001000" />
</kw>
<status status="PASS" start="2025-11-19T21:49:02.176135" elapsed="0.001000" />
</kw>
<status status="PASS" start="2025-11-19T21:48:36.382025" elapsed="25.796111" />
</test>
<status status="PASS" start="2025-11-19T21:48:36.342006" elapsed="29.208589" />
</suite>
<status status="PASS" start="2025-11-19T21:48:36.342006" elapsed="29.208589" />
</suite><errors>
</errors>
</robot>